2022-01-29 09:08:32,007 WARN [http-nio-8080-exec-1] c.z.h.HikariConfig [HikariConfig.java:973] hikariCP - idleTimeout is close to or more than maxLifetime, disabling it.
2022-01-29 09:11:45,378 WARN [http-nio-8080-exec-1] c.z.h.HikariConfig [HikariConfig.java:973] hikariCP - idleTimeout is close to or more than maxLifetime, disabling it.
2022-01-29 09:14:14,468 WARN [http-nio-8080-exec-1] c.z.h.HikariConfig [HikariConfig.java:973] hikariCP - idleTimeout is close to or more than maxLifetime, disabling it.
2022-01-29 09:14:47,892 WARN [http-nio-8080-exec-3] c.z.h.HikariConfig [HikariConfig.java:973] hikariCP - idleTimeout is close to or more than maxLifetime, disabling it.
2022-01-29 09:15:11,048 WARN [hikariCP housekeeper] c.z.h.p.HikariPool [HikariPool.java:766] hikariCP - Thread starvation or clock leap detected (housekeeper delta=52s950ms985µs500ns).
2022-01-29 09:15:56,249 WARN [hikariCP housekeeper] c.z.h.p.HikariPool [HikariPool.java:766] hikariCP - Thread starvation or clock leap detected (housekeeper delta=45s200ms625µs700ns).
2022-01-29 09:16:23,192 WARN [http-nio-8080-exec-1] c.z.h.HikariConfig [HikariConfig.java:973] hikariCP - idleTimeout is close to or more than maxLifetime, disabling it.
2022-01-29 09:16:56,601 WARN [http-nio-8080-exec-2] c.z.h.HikariConfig [HikariConfig.java:973] hikariCP - idleTimeout is close to or more than maxLifetime, disabling it.
2022-01-29 09:17:48,445 WARN [hikariCP housekeeper] c.z.h.p.HikariPool [HikariPool.java:766] hikariCP - Thread starvation or clock leap detected (housekeeper delta=46s797ms654µs700ns).
2022-01-29 09:21:01,695 WARN [http-nio-8080-exec-2] c.z.h.HikariConfig [HikariConfig.java:973] hikariCP - idleTimeout is close to or more than maxLifetime, disabling it.
2022-01-29 09:21:27,622 WARN [hikariCP housekeeper] c.z.h.p.HikariPool [HikariPool.java:766] hikariCP - Thread starvation or clock leap detected (housekeeper delta=55s783ms726µs900ns).
2022-01-29 09:24:40,400 WARN [hikariCP housekeeper] c.z.h.p.HikariPool [HikariPool.java:766] hikariCP - Thread starvation or clock leap detected (housekeeper delta=3m12s778ms508µs200ns).
2022-01-29 10:26:58,127 WARN [http-nio-8080-exec-1] c.z.h.HikariConfig [HikariConfig.java:973] hikariCP - idleTimeout is close to or more than maxLifetime, disabling it.
2022-01-29 10:28:58,923 WARN [http-nio-8080-exec-1] c.z.h.HikariConfig [HikariConfig.java:973] hikariCP - idleTimeout is close to or more than maxLifetime, disabling it.
2022-01-29 10:29:55,585 WARN [http-nio-8080-exec-1] c.z.h.HikariConfig [HikariConfig.java:973] hikariCP - idleTimeout is close to or more than maxLifetime, disabling it.
2022-01-29 10:41:50,933 WARN [http-nio-8080-exec-1] c.z.h.HikariConfig [HikariConfig.java:973] hikariCP - idleTimeout is close to or more than maxLifetime, disabling it.
2022-01-29 10:41:57,537 WARN [http-nio-8080-exec-2] o.s.w.s.m.s.DefaultHandlerExceptionResolver [AbstractHandlerExceptionResolver.java:198] Resolved [org.springframework.web.method.annotation.MethodArgumentTypeMismatchException: Failed to convert value of type 'java.lang.String' to required type 'int'; nested exception is java.lang.NumberFormatException: For input string: "cvo.user.headerUrl"]
2022-01-29 10:50:01,275 WARN [http-nio-8080-exec-1] c.z.h.HikariConfig [HikariConfig.java:973] hikariCP - idleTimeout is close to or more than maxLifetime, disabling it.
2022-01-29 10:52:25,826 WARN [http-nio-8080-exec-1] c.z.h.HikariConfig [HikariConfig.java:973] hikariCP - idleTimeout is close to or more than maxLifetime, disabling it.
2022-01-29 11:02:47,184 WARN [http-nio-8080-exec-1] c.z.h.HikariConfig [HikariConfig.java:973] hikariCP - idleTimeout is close to or more than maxLifetime, disabling it.
2022-01-29 11:05:32,935 WARN [restartedMain] o.m.s.m.ClassPathMapperScanner [Logger.java:44] No MyBatis mapper was found in '[com.nowcoder.community]' package. Please check your configuration.
2022-01-29 11:05:33,405 WARN [restartedMain] o.s.b.w.s.c.AnnotationConfigServletWebServerApplicationContext [AbstractApplicationContext.java:557] Exception encountered during context initialization - cancelling refresh attempt: org.springframework.beans.factory.BeanCreationException: Error creating bean with name 'sqlSessionFactory' defined in class path resource [org/mybatis/spring/boot/autoconfigure/MybatisAutoConfiguration.class]: Bean instantiation via factory method failed; nested exception is org.springframework.beans.BeanInstantiationException: Failed to instantiate [org.apache.ibatis.session.SqlSessionFactory]: Factory method 'sqlSessionFactory' threw exception; nested exception is org.springframework.core.NestedIOException: Failed to parse mapping resource: 'file [E:\IntelliJ IDEA 2019.3.3\projects\community\target\classes\mapper\comment-mapper.xml]'; nested exception is org.apache.ibatis.builder.BuilderException: Error parsing Mapper XML. The XML location is 'file [E:\IntelliJ IDEA 2019.3.3\projects\community\target\classes\mapper\comment-mapper.xml]'. Cause: org.apache.ibatis.builder.BuilderException: Error resolving class. Cause: org.apache.ibatis.type.TypeException: Could not resolve type alias 'Comment'.  Cause: java.lang.ClassNotFoundException: Cannot find class: Comment
2022-01-29 11:05:43,056 WARN [http-nio-8080-exec-1] c.z.h.HikariConfig [HikariConfig.java:973] hikariCP - idleTimeout is close to or more than maxLifetime, disabling it.
2022-01-29 11:06:59,617 WARN [http-nio-8080-exec-1] c.z.h.HikariConfig [HikariConfig.java:973] hikariCP - idleTimeout is close to or more than maxLifetime, disabling it.
2022-01-29 11:09:24,443 WARN [http-nio-8080-exec-3] c.z.h.HikariConfig [HikariConfig.java:973] hikariCP - idleTimeout is close to or more than maxLifetime, disabling it.
2022-01-29 11:11:25,914 WARN [http-nio-8080-exec-1] c.z.h.HikariConfig [HikariConfig.java:973] hikariCP - idleTimeout is close to or more than maxLifetime, disabling it.
2022-01-29 11:12:50,815 WARN [http-nio-8080-exec-1] c.z.h.HikariConfig [HikariConfig.java:973] hikariCP - idleTimeout is close to or more than maxLifetime, disabling it.
2022-01-29 11:16:00,989 WARN [http-nio-8080-exec-1] c.z.h.HikariConfig [HikariConfig.java:973] hikariCP - idleTimeout is close to or more than maxLifetime, disabling it.
2022-01-29 11:49:15,907 WARN [main] c.z.h.HikariConfig [HikariConfig.java:973] hikariCP - idleTimeout is close to or more than maxLifetime, disabling it.
2022-01-29 11:50:56,915 WARN [main] c.z.h.HikariConfig [HikariConfig.java:973] hikariCP - idleTimeout is close to or more than maxLifetime, disabling it.
2022-01-29 11:51:29,394 WARN [main] c.z.h.HikariConfig [HikariConfig.java:973] hikariCP - idleTimeout is close to or more than maxLifetime, disabling it.
2022-01-29 11:53:13,211 WARN [main] c.z.h.HikariConfig [HikariConfig.java:973] hikariCP - idleTimeout is close to or more than maxLifetime, disabling it.
2022-01-29 11:53:42,613 WARN [http-nio-8080-exec-7] c.z.h.HikariConfig [HikariConfig.java:973] hikariCP - idleTimeout is close to or more than maxLifetime, disabling it.
2022-01-29 11:54:27,392 WARN [main] c.z.h.HikariConfig [HikariConfig.java:973] hikariCP - idleTimeout is close to or more than maxLifetime, disabling it.
2022-01-29 11:54:45,239 WARN [http-nio-8080-exec-1] c.z.h.HikariConfig [HikariConfig.java:973] hikariCP - idleTimeout is close to or more than maxLifetime, disabling it.
2022-01-29 12:33:34,725 WARN [http-nio-8080-exec-1] c.z.h.HikariConfig [HikariConfig.java:973] hikariCP - idleTimeout is close to or more than maxLifetime, disabling it.
2022-01-29 13:03:05,896 WARN [http-nio-8080-exec-1] c.z.h.HikariConfig [HikariConfig.java:973] hikariCP - idleTimeout is close to or more than maxLifetime, disabling it.
2022-01-29 23:17:33,416 WARN [http-nio-8080-exec-1] c.z.h.HikariConfig [HikariConfig.java:973] hikariCP - idleTimeout is close to or more than maxLifetime, disabling it.
2022-01-29 23:19:17,084 WARN [http-nio-8080-exec-1] c.z.h.HikariConfig [HikariConfig.java:973] hikariCP - idleTimeout is close to or more than maxLifetime, disabling it.
