2022-02-05 18:48:02,619 WARN [http-nio-8080-exec-1] c.z.h.HikariConfig [HikariConfig.java:973] hikariCP - idleTimeout is close to or more than maxLifetime, disabling it.
2022-02-05 18:48:07,138 WARN [http-nio-8080-exec-1] o.s.w.s.m.m.a.ExceptionHandlerExceptionResolver [AbstractHandlerExceptionResolver.java:198] Resolved [org.springframework.data.redis.RedisConnectionFailureException: Unable to connect to Redis; nested exception is io.lettuce.core.RedisConnectionException: Unable to connect to localhost:6379]
2022-02-05 18:48:12,336 WARN [http-nio-8080-exec-9] o.s.w.s.m.m.a.ExceptionHandlerExceptionResolver [AbstractHandlerExceptionResolver.java:198] Resolved [org.springframework.data.redis.RedisConnectionFailureException: Unable to connect to Redis; nested exception is io.lettuce.core.RedisConnectionException: Unable to connect to localhost:6379]
2022-02-05 18:51:36,390 WARN [http-nio-8080-exec-1] c.z.h.HikariConfig [HikariConfig.java:973] hikariCP - idleTimeout is close to or more than maxLifetime, disabling it.
2022-02-05 18:55:35,469 WARN [http-nio-8080-exec-5] o.s.w.s.m.m.a.ExceptionHandlerExceptionResolver [AbstractHandlerExceptionResolver.java:198] Resolved [java.lang.ClassCastException: java.lang.Integer cannot be cast to java.lang.String]
2022-02-05 18:55:48,758 WARN [http-nio-8080-exec-4] o.s.w.s.m.m.a.ExceptionHandlerExceptionResolver [AbstractHandlerExceptionResolver.java:198] Resolved [org.springframework.web.method.annotation.MethodArgumentTypeMismatchException: Failed to convert value of type 'java.lang.String' to required type 'int'; nested exception is java.lang.NumberFormatException: For input string: "profile.html"]
2022-02-05 18:55:51,809 WARN [http-nio-8080-exec-4] o.s.w.s.m.m.a.ExceptionHandlerExceptionResolver [AbstractHandlerExceptionResolver.java:198] Resolved [java.lang.ClassCastException: java.lang.Integer cannot be cast to java.lang.String]
2022-02-05 19:02:30,497 WARN [http-nio-8080-exec-1] c.z.h.HikariConfig [HikariConfig.java:973] hikariCP - idleTimeout is close to or more than maxLifetime, disabling it.
2022-02-05 19:03:58,914 WARN [http-nio-8080-exec-1] c.z.h.HikariConfig [HikariConfig.java:973] hikariCP - idleTimeout is close to or more than maxLifetime, disabling it.
2022-02-05 19:04:26,690 WARN [http-nio-8080-exec-8] o.s.w.s.m.m.a.ExceptionHandlerExceptionResolver [AbstractHandlerExceptionResolver.java:198] Resolved [org.springframework.web.method.annotation.MethodArgumentTypeMismatchException: Failed to convert value of type 'java.lang.String' to required type 'int'; nested exception is java.lang.NumberFormatException: For input string: "profile.html"]
2022-02-05 19:08:37,901 WARN [http-nio-8080-exec-1] c.z.h.HikariConfig [HikariConfig.java:973] hikariCP - idleTimeout is close to or more than maxLifetime, disabling it.
2022-02-05 19:09:26,353 WARN [http-nio-8080-exec-1] c.z.h.HikariConfig [HikariConfig.java:973] hikariCP - idleTimeout is close to or more than maxLifetime, disabling it.
2022-02-05 21:23:40,474 WARN [lettuce-nioEventLoop-4-2] i.n.c.n.NioEventLoop [NioEventLoop.java:850] Selector.select() returned prematurely 512 times in a row; rebuilding Selector io.netty.channel.nio.SelectedSelectionKeySetSelector@34c96064.
2022-02-05 21:25:20,485 WARN [lettuce-nioEventLoop-4-3] i.n.c.n.NioEventLoop [NioEventLoop.java:850] Selector.select() returned prematurely 512 times in a row; rebuilding Selector io.netty.channel.nio.SelectedSelectionKeySetSelector@3488636b.
2022-02-05 21:25:50,489 WARN [lettuce-nioEventLoop-4-4] i.n.c.n.NioEventLoop [NioEventLoop.java:850] Selector.select() returned prematurely 512 times in a row; rebuilding Selector io.netty.channel.nio.SelectedSelectionKeySetSelector@5a241db4.
2022-02-05 21:25:50,489 WARN [lettuce-nioEventLoop-4-1] i.n.c.n.NioEventLoop [NioEventLoop.java:850] Selector.select() returned prematurely 512 times in a row; rebuilding Selector io.netty.channel.nio.SelectedSelectionKeySetSelector@3d83aa44.
2022-02-05 23:25:45,238 WARN [lettuce-nioEventLoop-4-2] i.n.c.n.NioEventLoop [NioEventLoop.java:850] Selector.select() returned prematurely 512 times in a row; rebuilding Selector io.netty.channel.nio.SelectedSelectionKeySetSelector@c2ba6ae.
2022-02-05 23:27:25,397 WARN [lettuce-nioEventLoop-4-3] i.n.c.n.NioEventLoop [NioEventLoop.java:850] Selector.select() returned prematurely 512 times in a row; rebuilding Selector io.netty.channel.nio.SelectedSelectionKeySetSelector@4e40e813.
2022-02-05 23:27:55,343 WARN [lettuce-nioEventLoop-4-4] i.n.c.n.NioEventLoop [NioEventLoop.java:850] Selector.select() returned prematurely 512 times in a row; rebuilding Selector io.netty.channel.nio.SelectedSelectionKeySetSelector@37f48c59.
2022-02-05 23:28:00,372 WARN [lettuce-nioEventLoop-4-1] i.n.c.n.NioEventLoop [NioEventLoop.java:850] Selector.select() returned prematurely 512 times in a row; rebuilding Selector io.netty.channel.nio.SelectedSelectionKeySetSelector@1796c2d4.
