2022-01-24 22:12:55,171 INFO [main] c.n.c.LoggerTests [StartupInfoLogger.java:50] Starting LoggerTests on LAPTOP-00UG8CNT with PID 17376 (started by 马海森 in E:\IntelliJ IDEA 2019.3.3\projects\community)
2022-01-24 22:12:55,173 INFO [main] c.n.c.LoggerTests [SpringApplication.java:675] No active profile set, falling back to default profiles: default
2022-01-24 22:12:59,745 INFO [main] o.s.s.c.ThreadPoolTaskExecutor [ExecutorConfigurationSupport.java:171] Initializing ExecutorService 'applicationTaskExecutor'
2022-01-24 22:13:00,060 INFO [main] o.s.b.a.w.s.WelcomePageHandlerMapping [WelcomePageHandlerMapping.java:61] Adding welcome page template: index
2022-01-24 22:13:00,466 INFO [main] c.n.c.LoggerTests [StartupInfoLogger.java:59] Started LoggerTests in 6.294 seconds (JVM running for 7.578)
2022-01-24 22:13:00,681 INFO [main] c.n.c.LoggerTests [LoggerTests.java:23] info log
2022-01-24 22:13:00,691 INFO [Thread-3] o.s.s.c.ThreadPoolTaskExecutor [ExecutorConfigurationSupport.java:208] Shutting down ExecutorService 'applicationTaskExecutor'
2022-01-24 23:23:26,659 INFO [main] c.n.c.MailTests [StartupInfoLogger.java:50] Starting MailTests on LAPTOP-00UG8CNT with PID 3920 (started by 马海森 in E:\IntelliJ IDEA 2019.3.3\projects\community)
2022-01-24 23:23:26,663 INFO [main] c.n.c.MailTests [SpringApplication.java:675] No active profile set, falling back to default profiles: default
2022-01-24 23:23:30,942 INFO [main] o.s.s.c.ThreadPoolTaskExecutor [ExecutorConfigurationSupport.java:171] Initializing ExecutorService 'applicationTaskExecutor'
2022-01-24 23:23:31,232 INFO [main] o.s.b.a.w.s.WelcomePageHandlerMapping [WelcomePageHandlerMapping.java:61] Adding welcome page template: index
2022-01-24 23:23:31,653 INFO [main] c.n.c.MailTests [StartupInfoLogger.java:59] Started MailTests in 5.913 seconds (JVM running for 7.292)
2022-01-24 23:23:35,428 INFO [Thread-3] o.s.s.c.ThreadPoolTaskExecutor [ExecutorConfigurationSupport.java:208] Shutting down ExecutorService 'applicationTaskExecutor'
2022-01-24 23:26:54,926 INFO [main] c.n.c.MailTests [StartupInfoLogger.java:50] Starting MailTests on LAPTOP-00UG8CNT with PID 19340 (started by 马海森 in E:\IntelliJ IDEA 2019.3.3\projects\community)
2022-01-24 23:26:54,929 INFO [main] c.n.c.MailTests [SpringApplication.java:675] No active profile set, falling back to default profiles: default
2022-01-24 23:26:58,985 INFO [main] o.s.s.c.ThreadPoolTaskExecutor [ExecutorConfigurationSupport.java:171] Initializing ExecutorService 'applicationTaskExecutor'
2022-01-24 23:26:59,326 INFO [main] o.s.b.a.w.s.WelcomePageHandlerMapping [WelcomePageHandlerMapping.java:61] Adding welcome page template: index
2022-01-24 23:26:59,696 INFO [main] c.n.c.MailTests [StartupInfoLogger.java:59] Started MailTests in 5.387 seconds (JVM running for 6.985)
2022-01-24 23:27:02,241 INFO [Thread-3] o.s.s.c.ThreadPoolTaskExecutor [ExecutorConfigurationSupport.java:208] Shutting down ExecutorService 'applicationTaskExecutor'
2022-01-24 23:27:38,000 INFO [main] c.n.c.MailTests [StartupInfoLogger.java:50] Starting MailTests on LAPTOP-00UG8CNT with PID 8428 (started by 马海森 in E:\IntelliJ IDEA 2019.3.3\projects\community)
2022-01-24 23:27:38,015 INFO [main] c.n.c.MailTests [SpringApplication.java:675] No active profile set, falling back to default profiles: default
2022-01-24 23:27:42,226 INFO [main] o.s.s.c.ThreadPoolTaskExecutor [ExecutorConfigurationSupport.java:171] Initializing ExecutorService 'applicationTaskExecutor'
2022-01-24 23:27:42,612 INFO [main] o.s.b.a.w.s.WelcomePageHandlerMapping [WelcomePageHandlerMapping.java:61] Adding welcome page template: index
2022-01-24 23:27:42,956 INFO [main] c.n.c.MailTests [StartupInfoLogger.java:59] Started MailTests in 5.576 seconds (JVM running for 6.821)
2022-01-24 23:27:45,392 INFO [Thread-3] o.s.s.c.ThreadPoolTaskExecutor [ExecutorConfigurationSupport.java:208] Shutting down ExecutorService 'applicationTaskExecutor'
2022-01-24 23:29:27,860 INFO [main] c.n.c.MailTests [StartupInfoLogger.java:50] Starting MailTests on LAPTOP-00UG8CNT with PID 16128 (started by 马海森 in E:\IntelliJ IDEA 2019.3.3\projects\community)
2022-01-24 23:29:27,864 INFO [main] c.n.c.MailTests [SpringApplication.java:675] No active profile set, falling back to default profiles: default
2022-01-24 23:29:32,405 INFO [main] o.s.s.c.ThreadPoolTaskExecutor [ExecutorConfigurationSupport.java:171] Initializing ExecutorService 'applicationTaskExecutor'
2022-01-24 23:29:32,746 INFO [main] o.s.b.a.w.s.WelcomePageHandlerMapping [WelcomePageHandlerMapping.java:61] Adding welcome page template: index
2022-01-24 23:29:33,043 INFO [main] c.n.c.MailTests [StartupInfoLogger.java:59] Started MailTests in 5.784 seconds (JVM running for 7.066)
2022-01-24 23:29:44,902 INFO [Thread-3] o.s.s.c.ThreadPoolTaskExecutor [ExecutorConfigurationSupport.java:208] Shutting down ExecutorService 'applicationTaskExecutor'
