2022-01-30 09:41:43,972 INFO [Thread-11] o.s.s.c.ThreadPoolTaskExecutor [ExecutorConfigurationSupport.java:208] Shutting down ExecutorService 'applicationTaskExecutor'
2022-01-30 09:41:44,020 INFO [Thread-11] c.z.h.HikariDataSource [HikariDataSource.java:350] hikariCP - Shutdown initiated...
2022-01-30 09:41:44,073 INFO [Thread-11] c.z.h.HikariDataSource [HikariDataSource.java:352] hikariCP - Shutdown completed.
2022-01-30 09:41:49,445 INFO [restartedMain] c.n.c.CommunityApplication [StartupInfoLogger.java:50] Starting CommunityApplication on LAPTOP-00UG8CNT with PID 7668 (started by 马海森 in E:\IntelliJ IDEA 2019.3.3\projects\community)
2022-01-30 09:41:49,446 INFO [restartedMain] c.n.c.CommunityApplication [SpringApplication.java:675] No active profile set, falling back to default profiles: default
2022-01-30 09:41:50,763 INFO [restartedMain] o.s.b.w.e.t.TomcatWebServer [TomcatWebServer.java:90] Tomcat initialized with port(s): 8080 (http)
2022-01-30 09:41:50,763 INFO [restartedMain] o.a.c.h.Http11NioProtocol [DirectJDKLog.java:173] Initializing ProtocolHandler ["http-nio-8080"]
2022-01-30 09:41:50,763 INFO [restartedMain] o.a.c.c.StandardService [DirectJDKLog.java:173] Starting service [Tomcat]
2022-01-30 09:41:50,812 INFO [restartedMain] o.a.c.c.StandardEngine [DirectJDKLog.java:173] Starting Servlet engine: [Apache Tomcat/9.0.19]
2022-01-30 09:41:50,814 INFO [restartedMain] o.a.c.c.AprLifecycleListener [DirectJDKLog.java:173] Loaded APR based Apache Tomcat Native library [1.2.21] using APR version [1.6.5].
2022-01-30 09:41:50,826 INFO [restartedMain] o.a.c.c.AprLifecycleListener [DirectJDKLog.java:173] APR capabilities: IPv6 [true], sendfile [true], accept filters [false], random [true].
2022-01-30 09:41:50,827 INFO [restartedMain] o.a.c.c.AprLifecycleListener [DirectJDKLog.java:173] APR/OpenSSL configuration: useAprConnector [false], useOpenSSL [true]
2022-01-30 09:41:50,830 INFO [restartedMain] o.a.c.c.AprLifecycleListener [DirectJDKLog.java:173] OpenSSL successfully initialized [OpenSSL 1.1.1a  20 Nov 2018]
2022-01-30 09:41:51,023 INFO [restartedMain] o.a.c.c.C.[.[.[/community] [DirectJDKLog.java:173] Initializing Spring embedded WebApplicationContext
2022-01-30 09:41:51,023 INFO [restartedMain] o.s.w.c.ContextLoader [ServletWebServerApplicationContext.java:296] Root WebApplicationContext: initialization completed in 1570 ms
2022-01-30 09:41:51,463 INFO [restartedMain] o.s.s.c.ThreadPoolTaskExecutor [ExecutorConfigurationSupport.java:171] Initializing ExecutorService 'applicationTaskExecutor'
2022-01-30 09:41:51,501 INFO [restartedMain] o.s.b.a.w.s.WelcomePageHandlerMapping [WelcomePageHandlerMapping.java:61] Adding welcome page template: index
2022-01-30 09:41:51,580 INFO [restartedMain] o.s.b.d.a.OptionalLiveReloadServer [OptionalLiveReloadServer.java:57] LiveReload server is running on port 35729
2022-01-30 09:41:51,620 INFO [restartedMain] o.a.c.h.Http11NioProtocol [DirectJDKLog.java:173] Starting ProtocolHandler ["http-nio-8080"]
2022-01-30 09:41:51,630 INFO [restartedMain] o.s.b.w.e.t.TomcatWebServer [TomcatWebServer.java:204] Tomcat started on port(s): 8080 (http) with context path '/community'
2022-01-30 09:41:51,640 INFO [restartedMain] c.n.c.CommunityApplication [StartupInfoLogger.java:59] Started CommunityApplication in 2.301 seconds (JVM running for 37394.823)
2022-01-30 09:41:51,640 INFO [restartedMain] o.s.b.d.a.ConditionEvaluationDeltaLoggingListener [ConditionEvaluationDeltaLoggingListener.java:70] Condition evaluation unchanged
2022-01-30 09:42:01,640 INFO [main] c.n.c.MapperTests [StartupInfoLogger.java:50] Starting MapperTests on LAPTOP-00UG8CNT with PID 10132 (started by 马海森 in E:\IntelliJ IDEA 2019.3.3\projects\community)
2022-01-30 09:42:01,648 INFO [main] c.n.c.MapperTests [SpringApplication.java:675] No active profile set, falling back to default profiles: default
2022-01-30 09:42:13,485 INFO [main] c.n.c.MapperTests [StartupInfoLogger.java:50] Starting MapperTests on LAPTOP-00UG8CNT with PID 14788 (started by 马海森 in E:\IntelliJ IDEA 2019.3.3\projects\community)
2022-01-30 09:42:13,524 INFO [main] c.n.c.MapperTests [SpringApplication.java:675] No active profile set, falling back to default profiles: default
2022-01-30 09:42:14,222 INFO [main] o.s.s.c.ThreadPoolTaskExecutor [ExecutorConfigurationSupport.java:171] Initializing ExecutorService 'applicationTaskExecutor'
2022-01-30 09:42:16,912 INFO [main] o.s.b.a.w.s.WelcomePageHandlerMapping [WelcomePageHandlerMapping.java:61] Adding welcome page template: index
2022-01-30 09:42:18,679 INFO [main] c.n.c.MapperTests [StartupInfoLogger.java:59] Started MapperTests in 18.56 seconds (JVM running for 22.987)
2022-01-30 09:42:20,264 INFO [main] c.z.h.HikariDataSource [HikariDataSource.java:110] hikariCP - Starting...
2022-01-30 09:42:21,162 INFO [main] c.z.h.HikariDataSource [HikariDataSource.java:123] hikariCP - Start completed.
2022-01-30 09:42:21,559 INFO [Thread-3] o.s.s.c.ThreadPoolTaskExecutor [ExecutorConfigurationSupport.java:208] Shutting down ExecutorService 'applicationTaskExecutor'
2022-01-30 09:42:21,562 INFO [Thread-3] c.z.h.HikariDataSource [HikariDataSource.java:350] hikariCP - Shutdown initiated...
2022-01-30 09:42:21,591 INFO [Thread-3] c.z.h.HikariDataSource [HikariDataSource.java:352] hikariCP - Shutdown completed.
2022-01-30 09:42:25,048 INFO [main] o.s.s.c.ThreadPoolTaskExecutor [ExecutorConfigurationSupport.java:171] Initializing ExecutorService 'applicationTaskExecutor'
2022-01-30 09:42:25,469 INFO [main] o.s.b.a.w.s.WelcomePageHandlerMapping [WelcomePageHandlerMapping.java:61] Adding welcome page template: index
2022-01-30 09:42:25,931 INFO [main] c.n.c.MapperTests [StartupInfoLogger.java:59] Started MapperTests in 14.697 seconds (JVM running for 18.836)
2022-01-30 09:42:26,457 INFO [main] c.z.h.HikariDataSource [HikariDataSource.java:110] hikariCP - Starting...
2022-01-30 09:42:26,837 INFO [main] c.z.h.HikariDataSource [HikariDataSource.java:123] hikariCP - Start completed.
2022-01-30 09:42:27,024 INFO [Thread-3] o.s.s.c.ThreadPoolTaskExecutor [ExecutorConfigurationSupport.java:208] Shutting down ExecutorService 'applicationTaskExecutor'
2022-01-30 09:42:27,024 INFO [Thread-3] c.z.h.HikariDataSource [HikariDataSource.java:350] hikariCP - Shutdown initiated...
2022-01-30 09:42:27,072 INFO [Thread-3] c.z.h.HikariDataSource [HikariDataSource.java:352] hikariCP - Shutdown completed.
2022-01-30 09:47:43,010 INFO [main] c.n.c.MapperTests [StartupInfoLogger.java:50] Starting MapperTests on LAPTOP-00UG8CNT with PID 16176 (started by 马海森 in E:\IntelliJ IDEA 2019.3.3\projects\community)
2022-01-30 09:47:43,020 INFO [main] c.n.c.MapperTests [SpringApplication.java:675] No active profile set, falling back to default profiles: default
2022-01-30 09:47:48,599 INFO [main] o.s.s.c.ThreadPoolTaskExecutor [ExecutorConfigurationSupport.java:171] Initializing ExecutorService 'applicationTaskExecutor'
2022-01-30 09:47:48,868 INFO [main] o.s.b.a.w.s.WelcomePageHandlerMapping [WelcomePageHandlerMapping.java:61] Adding welcome page template: index
2022-01-30 09:47:49,178 INFO [main] c.n.c.MapperTests [StartupInfoLogger.java:59] Started MapperTests in 6.965 seconds (JVM running for 8.467)
2022-01-30 09:47:49,477 INFO [main] c.z.h.HikariDataSource [HikariDataSource.java:110] hikariCP - Starting...
2022-01-30 09:47:49,750 INFO [main] c.z.h.HikariDataSource [HikariDataSource.java:123] hikariCP - Start completed.
2022-01-30 09:47:50,133 INFO [Thread-3] o.s.s.c.ThreadPoolTaskExecutor [ExecutorConfigurationSupport.java:208] Shutting down ExecutorService 'applicationTaskExecutor'
2022-01-30 09:47:50,133 INFO [Thread-3] c.z.h.HikariDataSource [HikariDataSource.java:350] hikariCP - Shutdown initiated...
2022-01-30 09:47:50,155 INFO [Thread-3] c.z.h.HikariDataSource [HikariDataSource.java:352] hikariCP - Shutdown completed.
2022-01-30 09:48:26,672 INFO [Thread-19] o.s.s.c.ThreadPoolTaskExecutor [ExecutorConfigurationSupport.java:208] Shutting down ExecutorService 'applicationTaskExecutor'
2022-01-30 09:48:29,172 INFO [main] c.n.c.MapperTests [StartupInfoLogger.java:50] Starting MapperTests on LAPTOP-00UG8CNT with PID 13148 (started by 马海森 in E:\IntelliJ IDEA 2019.3.3\projects\community)
2022-01-30 09:48:29,184 INFO [main] c.n.c.MapperTests [SpringApplication.java:675] No active profile set, falling back to default profiles: default
2022-01-30 09:48:30,687 INFO [restartedMain] c.n.c.CommunityApplication [StartupInfoLogger.java:50] Starting CommunityApplication on LAPTOP-00UG8CNT with PID 7668 (started by 马海森 in E:\IntelliJ IDEA 2019.3.3\projects\community)
2022-01-30 09:48:30,690 INFO [restartedMain] c.n.c.CommunityApplication [SpringApplication.java:675] No active profile set, falling back to default profiles: default
2022-01-30 09:48:32,020 INFO [restartedMain] o.s.b.w.e.t.TomcatWebServer [TomcatWebServer.java:90] Tomcat initialized with port(s): 8080 (http)
2022-01-30 09:48:32,022 INFO [restartedMain] o.a.c.h.Http11NioProtocol [DirectJDKLog.java:173] Initializing ProtocolHandler ["http-nio-8080"]
2022-01-30 09:48:32,022 INFO [restartedMain] o.a.c.c.StandardService [DirectJDKLog.java:173] Starting service [Tomcat]
2022-01-30 09:48:32,022 INFO [restartedMain] o.a.c.c.StandardEngine [DirectJDKLog.java:173] Starting Servlet engine: [Apache Tomcat/9.0.19]
2022-01-30 09:48:32,022 INFO [restartedMain] o.a.c.c.AprLifecycleListener [DirectJDKLog.java:173] Loaded APR based Apache Tomcat Native library [1.2.21] using APR version [1.6.5].
2022-01-30 09:48:32,022 INFO [restartedMain] o.a.c.c.AprLifecycleListener [DirectJDKLog.java:173] APR capabilities: IPv6 [true], sendfile [true], accept filters [false], random [true].
2022-01-30 09:48:32,022 INFO [restartedMain] o.a.c.c.AprLifecycleListener [DirectJDKLog.java:173] APR/OpenSSL configuration: useAprConnector [false], useOpenSSL [true]
2022-01-30 09:48:32,022 INFO [restartedMain] o.a.c.c.AprLifecycleListener [DirectJDKLog.java:173] OpenSSL successfully initialized [OpenSSL 1.1.1a  20 Nov 2018]
2022-01-30 09:48:32,059 INFO [restartedMain] o.a.c.c.C.[.[.[/community] [DirectJDKLog.java:173] Initializing Spring embedded WebApplicationContext
2022-01-30 09:48:32,060 INFO [restartedMain] o.s.w.c.ContextLoader [ServletWebServerApplicationContext.java:296] Root WebApplicationContext: initialization completed in 1361 ms
2022-01-30 09:48:32,525 INFO [restartedMain] o.s.s.c.ThreadPoolTaskExecutor [ExecutorConfigurationSupport.java:171] Initializing ExecutorService 'applicationTaskExecutor'
2022-01-30 09:48:32,644 INFO [restartedMain] o.s.b.a.w.s.WelcomePageHandlerMapping [WelcomePageHandlerMapping.java:61] Adding welcome page template: index
2022-01-30 09:48:32,756 INFO [restartedMain] o.s.b.d.a.OptionalLiveReloadServer [OptionalLiveReloadServer.java:57] LiveReload server is running on port 35729
2022-01-30 09:48:32,816 INFO [restartedMain] o.a.c.h.Http11NioProtocol [DirectJDKLog.java:173] Starting ProtocolHandler ["http-nio-8080"]
2022-01-30 09:48:32,867 INFO [restartedMain] o.s.b.w.e.t.TomcatWebServer [TomcatWebServer.java:204] Tomcat started on port(s): 8080 (http) with context path '/community'
2022-01-30 09:48:32,869 INFO [restartedMain] c.n.c.CommunityApplication [StartupInfoLogger.java:59] Started CommunityApplication in 2.398 seconds (JVM running for 37796.051)
2022-01-30 09:48:32,879 INFO [restartedMain] o.s.b.d.a.ConditionEvaluationDeltaLoggingListener [ConditionEvaluationDeltaLoggingListener.java:70] Condition evaluation unchanged
2022-01-30 09:48:35,315 INFO [main] o.s.s.c.ThreadPoolTaskExecutor [ExecutorConfigurationSupport.java:171] Initializing ExecutorService 'applicationTaskExecutor'
2022-01-30 09:48:35,682 INFO [main] o.s.b.a.w.s.WelcomePageHandlerMapping [WelcomePageHandlerMapping.java:61] Adding welcome page template: index
2022-01-30 09:48:36,282 INFO [main] c.n.c.MapperTests [StartupInfoLogger.java:59] Started MapperTests in 8.407 seconds (JVM running for 10.562)
2022-01-30 09:48:36,754 INFO [main] c.z.h.HikariDataSource [HikariDataSource.java:110] hikariCP - Starting...
2022-01-30 09:48:37,039 INFO [main] c.z.h.HikariDataSource [HikariDataSource.java:123] hikariCP - Start completed.
2022-01-30 09:48:37,320 INFO [Thread-3] o.s.s.c.ThreadPoolTaskExecutor [ExecutorConfigurationSupport.java:208] Shutting down ExecutorService 'applicationTaskExecutor'
2022-01-30 09:48:37,346 INFO [Thread-3] c.z.h.HikariDataSource [HikariDataSource.java:350] hikariCP - Shutdown initiated...
2022-01-30 09:48:37,375 INFO [Thread-3] c.z.h.HikariDataSource [HikariDataSource.java:352] hikariCP - Shutdown completed.
2022-01-30 09:50:05,148 INFO [Thread-25] o.s.s.c.ThreadPoolTaskExecutor [ExecutorConfigurationSupport.java:208] Shutting down ExecutorService 'applicationTaskExecutor'
2022-01-30 09:50:06,897 INFO [restartedMain] c.n.c.CommunityApplication [StartupInfoLogger.java:50] Starting CommunityApplication on LAPTOP-00UG8CNT with PID 7668 (started by 马海森 in E:\IntelliJ IDEA 2019.3.3\projects\community)
2022-01-30 09:50:06,898 INFO [restartedMain] c.n.c.CommunityApplication [SpringApplication.java:675] No active profile set, falling back to default profiles: default
2022-01-30 09:50:07,573 INFO [restartedMain] o.s.b.w.e.t.TomcatWebServer [TomcatWebServer.java:90] Tomcat initialized with port(s): 8080 (http)
2022-01-30 09:50:07,573 INFO [restartedMain] o.a.c.h.Http11NioProtocol [DirectJDKLog.java:173] Initializing ProtocolHandler ["http-nio-8080"]
2022-01-30 09:50:07,573 INFO [restartedMain] o.a.c.c.StandardService [DirectJDKLog.java:173] Starting service [Tomcat]
2022-01-30 09:50:07,573 INFO [restartedMain] o.a.c.c.StandardEngine [DirectJDKLog.java:173] Starting Servlet engine: [Apache Tomcat/9.0.19]
2022-01-30 09:50:07,573 INFO [restartedMain] o.a.c.c.AprLifecycleListener [DirectJDKLog.java:173] Loaded APR based Apache Tomcat Native library [1.2.21] using APR version [1.6.5].
2022-01-30 09:50:07,573 INFO [restartedMain] o.a.c.c.AprLifecycleListener [DirectJDKLog.java:173] APR capabilities: IPv6 [true], sendfile [true], accept filters [false], random [true].
2022-01-30 09:50:07,573 INFO [restartedMain] o.a.c.c.AprLifecycleListener [DirectJDKLog.java:173] APR/OpenSSL configuration: useAprConnector [false], useOpenSSL [true]
2022-01-30 09:50:07,583 INFO [restartedMain] o.a.c.c.AprLifecycleListener [DirectJDKLog.java:173] OpenSSL successfully initialized [OpenSSL 1.1.1a  20 Nov 2018]
2022-01-30 09:50:07,623 INFO [restartedMain] o.a.c.c.C.[.[.[/community] [DirectJDKLog.java:173] Initializing Spring embedded WebApplicationContext
2022-01-30 09:50:07,623 INFO [restartedMain] o.s.w.c.ContextLoader [ServletWebServerApplicationContext.java:296] Root WebApplicationContext: initialization completed in 723 ms
2022-01-30 09:50:08,046 INFO [restartedMain] o.s.s.c.ThreadPoolTaskExecutor [ExecutorConfigurationSupport.java:171] Initializing ExecutorService 'applicationTaskExecutor'
2022-01-30 09:50:08,118 INFO [restartedMain] o.s.b.a.w.s.WelcomePageHandlerMapping [WelcomePageHandlerMapping.java:61] Adding welcome page template: index
2022-01-30 09:50:08,234 INFO [restartedMain] o.s.b.d.a.OptionalLiveReloadServer [OptionalLiveReloadServer.java:57] LiveReload server is running on port 35729
2022-01-30 09:50:08,277 INFO [restartedMain] o.a.c.h.Http11NioProtocol [DirectJDKLog.java:173] Starting ProtocolHandler ["http-nio-8080"]
2022-01-30 09:50:08,299 INFO [restartedMain] o.s.b.w.e.t.TomcatWebServer [TomcatWebServer.java:204] Tomcat started on port(s): 8080 (http) with context path '/community'
2022-01-30 09:50:08,299 INFO [restartedMain] c.n.c.CommunityApplication [StartupInfoLogger.java:59] Started CommunityApplication in 1.453 seconds (JVM running for 37891.489)
2022-01-30 09:50:08,309 INFO [restartedMain] o.s.b.d.a.ConditionEvaluationDeltaLoggingListener [ConditionEvaluationDeltaLoggingListener.java:70] Condition evaluation unchanged
2022-01-30 09:50:09,636 INFO [main] c.n.c.MapperTests [StartupInfoLogger.java:50] Starting MapperTests on LAPTOP-00UG8CNT with PID 2528 (started by 马海森 in E:\IntelliJ IDEA 2019.3.3\projects\community)
2022-01-30 09:50:09,641 INFO [main] c.n.c.MapperTests [SpringApplication.java:675] No active profile set, falling back to default profiles: default
2022-01-30 09:50:15,426 INFO [main] o.s.s.c.ThreadPoolTaskExecutor [ExecutorConfigurationSupport.java:171] Initializing ExecutorService 'applicationTaskExecutor'
2022-01-30 09:50:15,731 INFO [main] o.s.b.a.w.s.WelcomePageHandlerMapping [WelcomePageHandlerMapping.java:61] Adding welcome page template: index
2022-01-30 09:50:16,669 INFO [main] c.n.c.MapperTests [StartupInfoLogger.java:59] Started MapperTests in 7.904 seconds (JVM running for 9.523)
2022-01-30 09:50:17,092 INFO [main] c.z.h.HikariDataSource [HikariDataSource.java:110] hikariCP - Starting...
2022-01-30 09:50:17,462 INFO [main] c.z.h.HikariDataSource [HikariDataSource.java:123] hikariCP - Start completed.
2022-01-30 09:50:17,780 INFO [Thread-3] o.s.s.c.ThreadPoolTaskExecutor [ExecutorConfigurationSupport.java:208] Shutting down ExecutorService 'applicationTaskExecutor'
2022-01-30 09:50:17,783 INFO [Thread-3] c.z.h.HikariDataSource [HikariDataSource.java:350] hikariCP - Shutdown initiated...
2022-01-30 09:50:17,807 INFO [Thread-3] c.z.h.HikariDataSource [HikariDataSource.java:352] hikariCP - Shutdown completed.
2022-01-30 09:51:22,813 INFO [Thread-31] o.s.s.c.ThreadPoolTaskExecutor [ExecutorConfigurationSupport.java:208] Shutting down ExecutorService 'applicationTaskExecutor'
2022-01-30 09:51:24,676 INFO [main] c.n.c.MapperTests [StartupInfoLogger.java:50] Starting MapperTests on LAPTOP-00UG8CNT with PID 18408 (started by 马海森 in E:\IntelliJ IDEA 2019.3.3\projects\community)
2022-01-30 09:51:24,686 INFO [main] c.n.c.MapperTests [SpringApplication.java:675] No active profile set, falling back to default profiles: default
2022-01-30 09:51:25,765 INFO [restartedMain] c.n.c.CommunityApplication [StartupInfoLogger.java:50] Starting CommunityApplication on LAPTOP-00UG8CNT with PID 7668 (started by 马海森 in E:\IntelliJ IDEA 2019.3.3\projects\community)
2022-01-30 09:51:25,765 INFO [restartedMain] c.n.c.CommunityApplication [SpringApplication.java:675] No active profile set, falling back to default profiles: default
2022-01-30 09:51:27,150 INFO [restartedMain] o.s.b.w.e.t.TomcatWebServer [TomcatWebServer.java:90] Tomcat initialized with port(s): 8080 (http)
2022-01-30 09:51:27,150 INFO [restartedMain] o.a.c.h.Http11NioProtocol [DirectJDKLog.java:173] Initializing ProtocolHandler ["http-nio-8080"]
2022-01-30 09:51:27,150 INFO [restartedMain] o.a.c.c.StandardService [DirectJDKLog.java:173] Starting service [Tomcat]
2022-01-30 09:51:27,150 INFO [restartedMain] o.a.c.c.StandardEngine [DirectJDKLog.java:173] Starting Servlet engine: [Apache Tomcat/9.0.19]
2022-01-30 09:51:27,158 INFO [restartedMain] o.a.c.c.AprLifecycleListener [DirectJDKLog.java:173] Loaded APR based Apache Tomcat Native library [1.2.21] using APR version [1.6.5].
2022-01-30 09:51:27,158 INFO [restartedMain] o.a.c.c.AprLifecycleListener [DirectJDKLog.java:173] APR capabilities: IPv6 [true], sendfile [true], accept filters [false], random [true].
2022-01-30 09:51:27,158 INFO [restartedMain] o.a.c.c.AprLifecycleListener [DirectJDKLog.java:173] APR/OpenSSL configuration: useAprConnector [false], useOpenSSL [true]
2022-01-30 09:51:27,160 INFO [restartedMain] o.a.c.c.AprLifecycleListener [DirectJDKLog.java:173] OpenSSL successfully initialized [OpenSSL 1.1.1a  20 Nov 2018]
2022-01-30 09:51:27,226 INFO [restartedMain] o.a.c.c.C.[.[.[/community] [DirectJDKLog.java:173] Initializing Spring embedded WebApplicationContext
2022-01-30 09:51:27,227 INFO [restartedMain] o.s.w.c.ContextLoader [ServletWebServerApplicationContext.java:296] Root WebApplicationContext: initialization completed in 1454 ms
2022-01-30 09:51:27,683 INFO [restartedMain] o.s.s.c.ThreadPoolTaskExecutor [ExecutorConfigurationSupport.java:171] Initializing ExecutorService 'applicationTaskExecutor'
2022-01-30 09:51:27,773 INFO [restartedMain] o.s.b.a.w.s.WelcomePageHandlerMapping [WelcomePageHandlerMapping.java:61] Adding welcome page template: index
2022-01-30 09:51:27,854 INFO [restartedMain] o.s.b.d.a.OptionalLiveReloadServer [OptionalLiveReloadServer.java:57] LiveReload server is running on port 35729
2022-01-30 09:51:27,904 INFO [restartedMain] o.a.c.h.Http11NioProtocol [DirectJDKLog.java:173] Starting ProtocolHandler ["http-nio-8080"]
2022-01-30 09:51:27,933 INFO [restartedMain] o.s.b.w.e.t.TomcatWebServer [TomcatWebServer.java:204] Tomcat started on port(s): 8080 (http) with context path '/community'
2022-01-30 09:51:27,933 INFO [restartedMain] c.n.c.CommunityApplication [StartupInfoLogger.java:59] Started CommunityApplication in 2.359 seconds (JVM running for 37971.116)
2022-01-30 09:51:27,935 INFO [restartedMain] o.s.b.d.a.ConditionEvaluationDeltaLoggingListener [ConditionEvaluationDeltaLoggingListener.java:70] Condition evaluation unchanged
2022-01-30 09:51:29,607 INFO [main] o.s.s.c.ThreadPoolTaskExecutor [ExecutorConfigurationSupport.java:171] Initializing ExecutorService 'applicationTaskExecutor'
2022-01-30 09:51:29,915 INFO [main] o.s.b.a.w.s.WelcomePageHandlerMapping [WelcomePageHandlerMapping.java:61] Adding welcome page template: index
2022-01-30 09:51:30,344 INFO [main] c.n.c.MapperTests [StartupInfoLogger.java:59] Started MapperTests in 6.454 seconds (JVM running for 8.02)
2022-01-30 09:51:30,939 INFO [main] c.z.h.HikariDataSource [HikariDataSource.java:110] hikariCP - Starting...
2022-01-30 09:51:31,367 INFO [main] c.z.h.HikariDataSource [HikariDataSource.java:123] hikariCP - Start completed.
2022-01-30 09:51:31,528 INFO [Thread-3] o.s.s.c.ThreadPoolTaskExecutor [ExecutorConfigurationSupport.java:208] Shutting down ExecutorService 'applicationTaskExecutor'
2022-01-30 09:51:31,528 INFO [Thread-3] c.z.h.HikariDataSource [HikariDataSource.java:350] hikariCP - Shutdown initiated...
2022-01-30 09:51:31,548 INFO [Thread-3] c.z.h.HikariDataSource [HikariDataSource.java:352] hikariCP - Shutdown completed.
2022-01-30 09:52:49,608 INFO [main] c.n.c.MapperTests [StartupInfoLogger.java:50] Starting MapperTests on LAPTOP-00UG8CNT with PID 3888 (started by 马海森 in E:\IntelliJ IDEA 2019.3.3\projects\community)
2022-01-30 09:52:49,608 INFO [main] c.n.c.MapperTests [SpringApplication.java:675] No active profile set, falling back to default profiles: default
2022-01-30 09:52:54,080 INFO [main] o.s.s.c.ThreadPoolTaskExecutor [ExecutorConfigurationSupport.java:171] Initializing ExecutorService 'applicationTaskExecutor'
2022-01-30 09:52:54,353 INFO [main] o.s.b.a.w.s.WelcomePageHandlerMapping [WelcomePageHandlerMapping.java:61] Adding welcome page template: index
2022-01-30 09:52:54,676 INFO [main] c.n.c.MapperTests [StartupInfoLogger.java:59] Started MapperTests in 5.818 seconds (JVM running for 7.032)
2022-01-30 09:52:54,918 INFO [main] c.z.h.HikariDataSource [HikariDataSource.java:110] hikariCP - Starting...
2022-01-30 09:52:55,109 INFO [main] c.z.h.HikariDataSource [HikariDataSource.java:123] hikariCP - Start completed.
2022-01-30 09:52:55,357 INFO [Thread-3] o.s.s.c.ThreadPoolTaskExecutor [ExecutorConfigurationSupport.java:208] Shutting down ExecutorService 'applicationTaskExecutor'
2022-01-30 09:52:55,357 INFO [Thread-3] c.z.h.HikariDataSource [HikariDataSource.java:350] hikariCP - Shutdown initiated...
2022-01-30 09:52:55,367 INFO [Thread-3] c.z.h.HikariDataSource [HikariDataSource.java:352] hikariCP - Shutdown completed.
2022-01-30 10:38:05,785 INFO [restartedMain] c.n.c.CommunityApplication [StartupInfoLogger.java:50] Starting CommunityApplication on LAPTOP-00UG8CNT with PID 16216 (started by 马海森 in E:\IntelliJ IDEA 2019.3.3\projects\community)
2022-01-30 10:38:05,785 INFO [restartedMain] c.n.c.CommunityApplication [SpringApplication.java:675] No active profile set, falling back to default profiles: default
2022-01-30 10:38:05,855 INFO [restartedMain] o.s.b.d.e.DevToolsPropertyDefaultsPostProcessor [DeferredLog.java:227] Devtools property defaults active! Set 'spring.devtools.add-properties' to 'false' to disable
2022-01-30 10:38:05,855 INFO [restartedMain] o.s.b.d.e.DevToolsPropertyDefaultsPostProcessor [DeferredLog.java:227] For additional web related logging consider setting the 'logging.level.web' property to 'DEBUG'
2022-01-30 10:38:08,222 INFO [restartedMain] o.s.b.w.e.t.TomcatWebServer [TomcatWebServer.java:90] Tomcat initialized with port(s): 8080 (http)
2022-01-30 10:38:08,232 INFO [restartedMain] o.a.c.h.Http11NioProtocol [DirectJDKLog.java:173] Initializing ProtocolHandler ["http-nio-8080"]
2022-01-30 10:38:08,252 INFO [restartedMain] o.a.c.c.StandardService [DirectJDKLog.java:173] Starting service [Tomcat]
2022-01-30 10:38:08,252 INFO [restartedMain] o.a.c.c.StandardEngine [DirectJDKLog.java:173] Starting Servlet engine: [Apache Tomcat/9.0.19]
2022-01-30 10:38:08,262 INFO [restartedMain] o.a.c.c.AprLifecycleListener [DirectJDKLog.java:173] Loaded APR based Apache Tomcat Native library [1.2.21] using APR version [1.6.5].
2022-01-30 10:38:08,262 INFO [restartedMain] o.a.c.c.AprLifecycleListener [DirectJDKLog.java:173] APR capabilities: IPv6 [true], sendfile [true], accept filters [false], random [true].
2022-01-30 10:38:08,262 INFO [restartedMain] o.a.c.c.AprLifecycleListener [DirectJDKLog.java:173] APR/OpenSSL configuration: useAprConnector [false], useOpenSSL [true]
2022-01-30 10:38:08,374 INFO [restartedMain] o.a.c.c.AprLifecycleListener [DirectJDKLog.java:173] OpenSSL successfully initialized [OpenSSL 1.1.1a  20 Nov 2018]
2022-01-30 10:38:08,502 INFO [restartedMain] o.a.c.c.C.[.[.[/community] [DirectJDKLog.java:173] Initializing Spring embedded WebApplicationContext
2022-01-30 10:38:08,502 INFO [restartedMain] o.s.w.c.ContextLoader [ServletWebServerApplicationContext.java:296] Root WebApplicationContext: initialization completed in 2647 ms
2022-01-30 10:38:09,212 INFO [restartedMain] o.s.s.c.ThreadPoolTaskExecutor [ExecutorConfigurationSupport.java:171] Initializing ExecutorService 'applicationTaskExecutor'
2022-01-30 10:38:09,343 INFO [restartedMain] o.s.b.a.w.s.WelcomePageHandlerMapping [WelcomePageHandlerMapping.java:61] Adding welcome page template: index
2022-01-30 10:38:09,462 INFO [restartedMain] o.s.b.d.a.OptionalLiveReloadServer [OptionalLiveReloadServer.java:57] LiveReload server is running on port 35729
2022-01-30 10:38:09,492 INFO [restartedMain] o.a.c.h.Http11NioProtocol [DirectJDKLog.java:173] Starting ProtocolHandler ["http-nio-8080"]
2022-01-30 10:38:09,520 INFO [restartedMain] o.s.b.w.e.t.TomcatWebServer [TomcatWebServer.java:204] Tomcat started on port(s): 8080 (http) with context path '/community'
2022-01-30 10:38:09,530 INFO [restartedMain] c.n.c.CommunityApplication [StartupInfoLogger.java:59] Started CommunityApplication in 4.484 seconds (JVM running for 6.53)
2022-01-30 10:38:22,710 INFO [http-nio-8080-exec-1] o.a.c.c.C.[.[.[/community] [DirectJDKLog.java:173] Initializing Spring DispatcherServlet 'dispatcherServlet'
2022-01-30 10:38:22,710 INFO [http-nio-8080-exec-1] o.s.w.s.DispatcherServlet [FrameworkServlet.java:524] Initializing Servlet 'dispatcherServlet'
2022-01-30 10:38:22,760 INFO [http-nio-8080-exec-1] o.s.w.s.DispatcherServlet [FrameworkServlet.java:546] Completed initialization in 50 ms
2022-01-30 10:38:22,830 INFO [http-nio-8080-exec-1] c.z.h.HikariDataSource [HikariDataSource.java:110] hikariCP - Starting...
2022-01-30 10:38:23,029 INFO [http-nio-8080-exec-1] c.z.h.HikariDataSource [HikariDataSource.java:123] hikariCP - Start completed.
2022-01-30 10:46:26,619 INFO [restartedMain] c.n.c.CommunityApplication [StartupInfoLogger.java:50] Starting CommunityApplication on LAPTOP-00UG8CNT with PID 5360 (started by 马海森 in E:\IntelliJ IDEA 2019.3.3\projects\community)
2022-01-30 10:46:26,629 INFO [restartedMain] c.n.c.CommunityApplication [SpringApplication.java:675] No active profile set, falling back to default profiles: default
2022-01-30 10:46:26,679 INFO [restartedMain] o.s.b.d.e.DevToolsPropertyDefaultsPostProcessor [DeferredLog.java:227] Devtools property defaults active! Set 'spring.devtools.add-properties' to 'false' to disable
2022-01-30 10:46:26,679 INFO [restartedMain] o.s.b.d.e.DevToolsPropertyDefaultsPostProcessor [DeferredLog.java:227] For additional web related logging consider setting the 'logging.level.web' property to 'DEBUG'
2022-01-30 10:46:28,469 INFO [restartedMain] o.s.b.w.e.t.TomcatWebServer [TomcatWebServer.java:90] Tomcat initialized with port(s): 8080 (http)
2022-01-30 10:46:28,479 INFO [restartedMain] o.a.c.h.Http11NioProtocol [DirectJDKLog.java:173] Initializing ProtocolHandler ["http-nio-8080"]
2022-01-30 10:46:28,489 INFO [restartedMain] o.a.c.c.StandardService [DirectJDKLog.java:173] Starting service [Tomcat]
2022-01-30 10:46:28,489 INFO [restartedMain] o.a.c.c.StandardEngine [DirectJDKLog.java:173] Starting Servlet engine: [Apache Tomcat/9.0.19]
2022-01-30 10:46:28,489 INFO [restartedMain] o.a.c.c.AprLifecycleListener [DirectJDKLog.java:173] Loaded APR based Apache Tomcat Native library [1.2.21] using APR version [1.6.5].
2022-01-30 10:46:28,489 INFO [restartedMain] o.a.c.c.AprLifecycleListener [DirectJDKLog.java:173] APR capabilities: IPv6 [true], sendfile [true], accept filters [false], random [true].
2022-01-30 10:46:28,489 INFO [restartedMain] o.a.c.c.AprLifecycleListener [DirectJDKLog.java:173] APR/OpenSSL configuration: useAprConnector [false], useOpenSSL [true]
2022-01-30 10:46:28,499 INFO [restartedMain] o.a.c.c.AprLifecycleListener [DirectJDKLog.java:173] OpenSSL successfully initialized [OpenSSL 1.1.1a  20 Nov 2018]
2022-01-30 10:46:28,579 INFO [restartedMain] o.a.c.c.C.[.[.[/community] [DirectJDKLog.java:173] Initializing Spring embedded WebApplicationContext
2022-01-30 10:46:28,579 INFO [restartedMain] o.s.w.c.ContextLoader [ServletWebServerApplicationContext.java:296] Root WebApplicationContext: initialization completed in 1900 ms
2022-01-30 10:46:29,368 INFO [restartedMain] o.s.s.c.ThreadPoolTaskExecutor [ExecutorConfigurationSupport.java:171] Initializing ExecutorService 'applicationTaskExecutor'
2022-01-30 10:46:29,498 INFO [restartedMain] o.s.b.a.w.s.WelcomePageHandlerMapping [WelcomePageHandlerMapping.java:61] Adding welcome page template: index
2022-01-30 10:46:29,618 INFO [restartedMain] o.s.b.d.a.OptionalLiveReloadServer [OptionalLiveReloadServer.java:57] LiveReload server is running on port 35729
2022-01-30 10:46:29,648 INFO [restartedMain] o.a.c.h.Http11NioProtocol [DirectJDKLog.java:173] Starting ProtocolHandler ["http-nio-8080"]
2022-01-30 10:46:29,678 INFO [restartedMain] o.s.b.w.e.t.TomcatWebServer [TomcatWebServer.java:204] Tomcat started on port(s): 8080 (http) with context path '/community'
2022-01-30 10:46:29,688 INFO [restartedMain] c.n.c.CommunityApplication [StartupInfoLogger.java:59] Started CommunityApplication in 3.748 seconds (JVM running for 5.712)
2022-01-30 10:46:37,139 INFO [http-nio-8080-exec-1] o.a.c.c.C.[.[.[/community] [DirectJDKLog.java:173] Initializing Spring DispatcherServlet 'dispatcherServlet'
2022-01-30 10:46:37,140 INFO [http-nio-8080-exec-1] o.s.w.s.DispatcherServlet [FrameworkServlet.java:524] Initializing Servlet 'dispatcherServlet'
2022-01-30 10:46:37,153 INFO [http-nio-8080-exec-1] o.s.w.s.DispatcherServlet [FrameworkServlet.java:546] Completed initialization in 13 ms
2022-01-30 10:46:37,219 INFO [http-nio-8080-exec-1] c.z.h.HikariDataSource [HikariDataSource.java:110] hikariCP - Starting...
2022-01-30 10:46:37,398 INFO [http-nio-8080-exec-1] c.z.h.HikariDataSource [HikariDataSource.java:123] hikariCP - Start completed.
2022-01-30 10:48:18,902 INFO [restartedMain] c.n.c.CommunityApplication [StartupInfoLogger.java:50] Starting CommunityApplication on LAPTOP-00UG8CNT with PID 9252 (started by 马海森 in E:\IntelliJ IDEA 2019.3.3\projects\community)
2022-01-30 10:48:18,910 INFO [restartedMain] c.n.c.CommunityApplication [SpringApplication.java:675] No active profile set, falling back to default profiles: default
2022-01-30 10:48:18,972 INFO [restartedMain] o.s.b.d.e.DevToolsPropertyDefaultsPostProcessor [DeferredLog.java:227] Devtools property defaults active! Set 'spring.devtools.add-properties' to 'false' to disable
2022-01-30 10:48:18,972 INFO [restartedMain] o.s.b.d.e.DevToolsPropertyDefaultsPostProcessor [DeferredLog.java:227] For additional web related logging consider setting the 'logging.level.web' property to 'DEBUG'
2022-01-30 10:48:20,745 INFO [restartedMain] o.s.b.w.e.t.TomcatWebServer [TomcatWebServer.java:90] Tomcat initialized with port(s): 8080 (http)
2022-01-30 10:48:20,755 INFO [restartedMain] o.a.c.h.Http11NioProtocol [DirectJDKLog.java:173] Initializing ProtocolHandler ["http-nio-8080"]
2022-01-30 10:48:20,765 INFO [restartedMain] o.a.c.c.StandardService [DirectJDKLog.java:173] Starting service [Tomcat]
2022-01-30 10:48:20,765 INFO [restartedMain] o.a.c.c.StandardEngine [DirectJDKLog.java:173] Starting Servlet engine: [Apache Tomcat/9.0.19]
2022-01-30 10:48:20,775 INFO [restartedMain] o.a.c.c.AprLifecycleListener [DirectJDKLog.java:173] Loaded APR based Apache Tomcat Native library [1.2.21] using APR version [1.6.5].
2022-01-30 10:48:20,775 INFO [restartedMain] o.a.c.c.AprLifecycleListener [DirectJDKLog.java:173] APR capabilities: IPv6 [true], sendfile [true], accept filters [false], random [true].
2022-01-30 10:48:20,775 INFO [restartedMain] o.a.c.c.AprLifecycleListener [DirectJDKLog.java:173] APR/OpenSSL configuration: useAprConnector [false], useOpenSSL [true]
2022-01-30 10:48:20,775 INFO [restartedMain] o.a.c.c.AprLifecycleListener [DirectJDKLog.java:173] OpenSSL successfully initialized [OpenSSL 1.1.1a  20 Nov 2018]
2022-01-30 10:48:20,875 INFO [restartedMain] o.a.c.c.C.[.[.[/community] [DirectJDKLog.java:173] Initializing Spring embedded WebApplicationContext
2022-01-30 10:48:20,875 INFO [restartedMain] o.s.w.c.ContextLoader [ServletWebServerApplicationContext.java:296] Root WebApplicationContext: initialization completed in 1903 ms
2022-01-30 10:48:21,455 INFO [restartedMain] o.s.s.c.ThreadPoolTaskExecutor [ExecutorConfigurationSupport.java:171] Initializing ExecutorService 'applicationTaskExecutor'
2022-01-30 10:48:21,535 INFO [restartedMain] o.s.b.a.w.s.WelcomePageHandlerMapping [WelcomePageHandlerMapping.java:61] Adding welcome page template: index
2022-01-30 10:48:21,624 INFO [restartedMain] o.s.b.d.a.OptionalLiveReloadServer [OptionalLiveReloadServer.java:57] LiveReload server is running on port 35729
2022-01-30 10:48:21,644 INFO [restartedMain] o.a.c.h.Http11NioProtocol [DirectJDKLog.java:173] Starting ProtocolHandler ["http-nio-8080"]
2022-01-30 10:48:21,684 INFO [restartedMain] o.s.b.w.e.t.TomcatWebServer [TomcatWebServer.java:204] Tomcat started on port(s): 8080 (http) with context path '/community'
2022-01-30 10:48:21,684 INFO [restartedMain] c.n.c.CommunityApplication [StartupInfoLogger.java:59] Started CommunityApplication in 3.425 seconds (JVM running for 5.358)
2022-01-30 10:48:31,474 INFO [http-nio-8080-exec-1] o.a.c.c.C.[.[.[/community] [DirectJDKLog.java:173] Initializing Spring DispatcherServlet 'dispatcherServlet'
2022-01-30 10:48:31,474 INFO [http-nio-8080-exec-1] o.s.w.s.DispatcherServlet [FrameworkServlet.java:524] Initializing Servlet 'dispatcherServlet'
2022-01-30 10:48:31,482 INFO [http-nio-8080-exec-1] o.s.w.s.DispatcherServlet [FrameworkServlet.java:546] Completed initialization in 8 ms
2022-01-30 10:48:31,508 INFO [http-nio-8080-exec-1] c.z.h.HikariDataSource [HikariDataSource.java:110] hikariCP - Starting...
2022-01-30 10:48:31,616 INFO [http-nio-8080-exec-1] c.z.h.HikariDataSource [HikariDataSource.java:123] hikariCP - Start completed.
2022-01-30 10:49:37,834 INFO [restartedMain] c.n.c.CommunityApplication [StartupInfoLogger.java:50] Starting CommunityApplication on LAPTOP-00UG8CNT with PID 11524 (started by 马海森 in E:\IntelliJ IDEA 2019.3.3\projects\community)
2022-01-30 10:49:37,839 INFO [restartedMain] c.n.c.CommunityApplication [SpringApplication.java:675] No active profile set, falling back to default profiles: default
2022-01-30 10:49:37,910 INFO [restartedMain] o.s.b.d.e.DevToolsPropertyDefaultsPostProcessor [DeferredLog.java:227] Devtools property defaults active! Set 'spring.devtools.add-properties' to 'false' to disable
2022-01-30 10:49:37,910 INFO [restartedMain] o.s.b.d.e.DevToolsPropertyDefaultsPostProcessor [DeferredLog.java:227] For additional web related logging consider setting the 'logging.level.web' property to 'DEBUG'
2022-01-30 10:49:39,737 INFO [restartedMain] o.s.b.w.e.t.TomcatWebServer [TomcatWebServer.java:90] Tomcat initialized with port(s): 8080 (http)
2022-01-30 10:49:39,749 INFO [restartedMain] o.a.c.h.Http11NioProtocol [DirectJDKLog.java:173] Initializing ProtocolHandler ["http-nio-8080"]
2022-01-30 10:49:39,758 INFO [restartedMain] o.a.c.c.StandardService [DirectJDKLog.java:173] Starting service [Tomcat]
2022-01-30 10:49:39,758 INFO [restartedMain] o.a.c.c.StandardEngine [DirectJDKLog.java:173] Starting Servlet engine: [Apache Tomcat/9.0.19]
2022-01-30 10:49:39,764 INFO [restartedMain] o.a.c.c.AprLifecycleListener [DirectJDKLog.java:173] Loaded APR based Apache Tomcat Native library [1.2.21] using APR version [1.6.5].
2022-01-30 10:49:39,764 INFO [restartedMain] o.a.c.c.AprLifecycleListener [DirectJDKLog.java:173] APR capabilities: IPv6 [true], sendfile [true], accept filters [false], random [true].
2022-01-30 10:49:39,765 INFO [restartedMain] o.a.c.c.AprLifecycleListener [DirectJDKLog.java:173] APR/OpenSSL configuration: useAprConnector [false], useOpenSSL [true]
2022-01-30 10:49:39,772 INFO [restartedMain] o.a.c.c.AprLifecycleListener [DirectJDKLog.java:173] OpenSSL successfully initialized [OpenSSL 1.1.1a  20 Nov 2018]
2022-01-30 10:49:39,887 INFO [restartedMain] o.a.c.c.C.[.[.[/community] [DirectJDKLog.java:173] Initializing Spring embedded WebApplicationContext
2022-01-30 10:49:39,887 INFO [restartedMain] o.s.w.c.ContextLoader [ServletWebServerApplicationContext.java:296] Root WebApplicationContext: initialization completed in 1977 ms
2022-01-30 10:49:40,532 INFO [restartedMain] o.s.s.c.ThreadPoolTaskExecutor [ExecutorConfigurationSupport.java:171] Initializing ExecutorService 'applicationTaskExecutor'
2022-01-30 10:49:40,614 INFO [restartedMain] o.s.b.a.w.s.WelcomePageHandlerMapping [WelcomePageHandlerMapping.java:61] Adding welcome page template: index
2022-01-30 10:49:40,733 INFO [restartedMain] o.s.b.d.a.OptionalLiveReloadServer [OptionalLiveReloadServer.java:57] LiveReload server is running on port 35729
2022-01-30 10:49:40,762 INFO [restartedMain] o.a.c.h.Http11NioProtocol [DirectJDKLog.java:173] Starting ProtocolHandler ["http-nio-8080"]
2022-01-30 10:49:40,795 INFO [restartedMain] o.s.b.w.e.t.TomcatWebServer [TomcatWebServer.java:204] Tomcat started on port(s): 8080 (http) with context path '/community'
2022-01-30 10:49:40,797 INFO [restartedMain] c.n.c.CommunityApplication [StartupInfoLogger.java:59] Started CommunityApplication in 3.744 seconds (JVM running for 6.135)
2022-01-30 10:49:44,976 INFO [http-nio-8080-exec-1] o.a.c.c.C.[.[.[/community] [DirectJDKLog.java:173] Initializing Spring DispatcherServlet 'dispatcherServlet'
2022-01-30 10:49:44,976 INFO [http-nio-8080-exec-1] o.s.w.s.DispatcherServlet [FrameworkServlet.java:524] Initializing Servlet 'dispatcherServlet'
2022-01-30 10:49:44,983 INFO [http-nio-8080-exec-1] o.s.w.s.DispatcherServlet [FrameworkServlet.java:546] Completed initialization in 7 ms
2022-01-30 10:49:45,009 INFO [http-nio-8080-exec-1] c.z.h.HikariDataSource [HikariDataSource.java:110] hikariCP - Starting...
2022-01-30 10:49:45,119 INFO [http-nio-8080-exec-1] c.z.h.HikariDataSource [HikariDataSource.java:123] hikariCP - Start completed.
2022-01-30 11:10:35,663 INFO [restartedMain] c.n.c.CommunityApplication [StartupInfoLogger.java:50] Starting CommunityApplication on LAPTOP-00UG8CNT with PID 15332 (started by 马海森 in E:\IntelliJ IDEA 2019.3.3\projects\community)
2022-01-30 11:10:35,673 INFO [restartedMain] c.n.c.CommunityApplication [SpringApplication.java:675] No active profile set, falling back to default profiles: default
2022-01-30 11:10:35,763 INFO [restartedMain] o.s.b.d.e.DevToolsPropertyDefaultsPostProcessor [DeferredLog.java:227] Devtools property defaults active! Set 'spring.devtools.add-properties' to 'false' to disable
2022-01-30 11:10:35,773 INFO [restartedMain] o.s.b.d.e.DevToolsPropertyDefaultsPostProcessor [DeferredLog.java:227] For additional web related logging consider setting the 'logging.level.web' property to 'DEBUG'
2022-01-30 11:10:39,315 INFO [restartedMain] o.s.b.w.e.t.TomcatWebServer [TomcatWebServer.java:90] Tomcat initialized with port(s): 8080 (http)
2022-01-30 11:10:39,335 INFO [restartedMain] o.a.c.h.Http11NioProtocol [DirectJDKLog.java:173] Initializing ProtocolHandler ["http-nio-8080"]
2022-01-30 11:10:39,343 INFO [restartedMain] o.a.c.c.StandardService [DirectJDKLog.java:173] Starting service [Tomcat]
2022-01-30 11:10:39,343 INFO [restartedMain] o.a.c.c.StandardEngine [DirectJDKLog.java:173] Starting Servlet engine: [Apache Tomcat/9.0.19]
2022-01-30 11:10:39,353 INFO [restartedMain] o.a.c.c.AprLifecycleListener [DirectJDKLog.java:173] Loaded APR based Apache Tomcat Native library [1.2.21] using APR version [1.6.5].
2022-01-30 11:10:39,353 INFO [restartedMain] o.a.c.c.AprLifecycleListener [DirectJDKLog.java:173] APR capabilities: IPv6 [true], sendfile [true], accept filters [false], random [true].
2022-01-30 11:10:39,353 INFO [restartedMain] o.a.c.c.AprLifecycleListener [DirectJDKLog.java:173] APR/OpenSSL configuration: useAprConnector [false], useOpenSSL [true]
2022-01-30 11:10:39,353 INFO [restartedMain] o.a.c.c.AprLifecycleListener [DirectJDKLog.java:173] OpenSSL successfully initialized [OpenSSL 1.1.1a  20 Nov 2018]
2022-01-30 11:10:39,484 INFO [restartedMain] o.a.c.c.C.[.[.[/community] [DirectJDKLog.java:173] Initializing Spring embedded WebApplicationContext
2022-01-30 11:10:39,484 INFO [restartedMain] o.s.w.c.ContextLoader [ServletWebServerApplicationContext.java:296] Root WebApplicationContext: initialization completed in 3711 ms
2022-01-30 11:10:40,146 INFO [restartedMain] o.s.s.c.ThreadPoolTaskExecutor [ExecutorConfigurationSupport.java:171] Initializing ExecutorService 'applicationTaskExecutor'
2022-01-30 11:10:40,236 INFO [restartedMain] o.s.b.a.w.s.WelcomePageHandlerMapping [WelcomePageHandlerMapping.java:61] Adding welcome page template: index
2022-01-30 11:10:40,346 INFO [restartedMain] o.s.b.d.a.OptionalLiveReloadServer [OptionalLiveReloadServer.java:57] LiveReload server is running on port 35729
2022-01-30 11:10:40,366 INFO [restartedMain] o.a.c.h.Http11NioProtocol [DirectJDKLog.java:173] Starting ProtocolHandler ["http-nio-8080"]
2022-01-30 11:10:40,396 INFO [restartedMain] o.s.b.w.e.t.TomcatWebServer [TomcatWebServer.java:204] Tomcat started on port(s): 8080 (http) with context path '/community'
2022-01-30 11:10:40,396 INFO [restartedMain] c.n.c.CommunityApplication [StartupInfoLogger.java:59] Started CommunityApplication in 6.102 seconds (JVM running for 8.036)
2022-01-30 11:14:40,483 INFO [restartedMain] c.n.c.CommunityApplication [StartupInfoLogger.java:50] Starting CommunityApplication on LAPTOP-00UG8CNT with PID 14256 (started by 马海森 in E:\IntelliJ IDEA 2019.3.3\projects\community)
2022-01-30 11:14:40,488 INFO [restartedMain] c.n.c.CommunityApplication [SpringApplication.java:675] No active profile set, falling back to default profiles: default
2022-01-30 11:14:40,547 INFO [restartedMain] o.s.b.d.e.DevToolsPropertyDefaultsPostProcessor [DeferredLog.java:227] Devtools property defaults active! Set 'spring.devtools.add-properties' to 'false' to disable
2022-01-30 11:14:40,555 INFO [restartedMain] o.s.b.d.e.DevToolsPropertyDefaultsPostProcessor [DeferredLog.java:227] For additional web related logging consider setting the 'logging.level.web' property to 'DEBUG'
2022-01-30 11:14:42,496 INFO [restartedMain] o.s.b.w.e.t.TomcatWebServer [TomcatWebServer.java:90] Tomcat initialized with port(s): 8080 (http)
2022-01-30 11:14:42,533 INFO [restartedMain] o.a.c.h.Http11NioProtocol [DirectJDKLog.java:173] Initializing ProtocolHandler ["http-nio-8080"]
2022-01-30 11:14:42,542 INFO [restartedMain] o.a.c.c.StandardService [DirectJDKLog.java:173] Starting service [Tomcat]
2022-01-30 11:14:42,543 INFO [restartedMain] o.a.c.c.StandardEngine [DirectJDKLog.java:173] Starting Servlet engine: [Apache Tomcat/9.0.19]
2022-01-30 11:14:42,551 INFO [restartedMain] o.a.c.c.AprLifecycleListener [DirectJDKLog.java:173] Loaded APR based Apache Tomcat Native library [1.2.21] using APR version [1.6.5].
2022-01-30 11:14:42,552 INFO [restartedMain] o.a.c.c.AprLifecycleListener [DirectJDKLog.java:173] APR capabilities: IPv6 [true], sendfile [true], accept filters [false], random [true].
2022-01-30 11:14:42,552 INFO [restartedMain] o.a.c.c.AprLifecycleListener [DirectJDKLog.java:173] APR/OpenSSL configuration: useAprConnector [false], useOpenSSL [true]
2022-01-30 11:14:42,557 INFO [restartedMain] o.a.c.c.AprLifecycleListener [DirectJDKLog.java:173] OpenSSL successfully initialized [OpenSSL 1.1.1a  20 Nov 2018]
2022-01-30 11:14:42,653 INFO [restartedMain] o.a.c.c.C.[.[.[/community] [DirectJDKLog.java:173] Initializing Spring embedded WebApplicationContext
2022-01-30 11:14:42,653 INFO [restartedMain] o.s.w.c.ContextLoader [ServletWebServerApplicationContext.java:296] Root WebApplicationContext: initialization completed in 2098 ms
2022-01-30 11:14:43,203 INFO [restartedMain] o.s.s.c.ThreadPoolTaskExecutor [ExecutorConfigurationSupport.java:171] Initializing ExecutorService 'applicationTaskExecutor'
2022-01-30 11:14:43,273 INFO [restartedMain] o.s.b.a.w.s.WelcomePageHandlerMapping [WelcomePageHandlerMapping.java:61] Adding welcome page template: index
2022-01-30 11:14:43,373 INFO [restartedMain] o.s.b.d.a.OptionalLiveReloadServer [OptionalLiveReloadServer.java:57] LiveReload server is running on port 35729
2022-01-30 11:14:43,393 INFO [restartedMain] o.a.c.h.Http11NioProtocol [DirectJDKLog.java:173] Starting ProtocolHandler ["http-nio-8080"]
2022-01-30 11:14:43,426 INFO [restartedMain] o.s.b.w.e.t.TomcatWebServer [TomcatWebServer.java:204] Tomcat started on port(s): 8080 (http) with context path '/community'
2022-01-30 11:14:43,429 INFO [restartedMain] c.n.c.CommunityApplication [StartupInfoLogger.java:59] Started CommunityApplication in 3.623 seconds (JVM running for 6.011)
2022-01-30 11:14:48,901 INFO [http-nio-8080-exec-1] o.a.c.c.C.[.[.[/community] [DirectJDKLog.java:173] Initializing Spring DispatcherServlet 'dispatcherServlet'
2022-01-30 11:14:48,901 INFO [http-nio-8080-exec-1] o.s.w.s.DispatcherServlet [FrameworkServlet.java:524] Initializing Servlet 'dispatcherServlet'
2022-01-30 11:14:48,907 INFO [http-nio-8080-exec-1] o.s.w.s.DispatcherServlet [FrameworkServlet.java:546] Completed initialization in 5 ms
2022-01-30 11:14:48,951 INFO [http-nio-8080-exec-1] c.z.h.HikariDataSource [HikariDataSource.java:110] hikariCP - Starting...
2022-01-30 11:14:49,073 INFO [http-nio-8080-exec-1] c.z.h.HikariDataSource [HikariDataSource.java:123] hikariCP - Start completed.
2022-01-30 11:18:34,222 INFO [restartedMain] c.n.c.CommunityApplication [StartupInfoLogger.java:50] Starting CommunityApplication on LAPTOP-00UG8CNT with PID 16124 (started by 马海森 in E:\IntelliJ IDEA 2019.3.3\projects\community)
2022-01-30 11:18:34,222 INFO [restartedMain] c.n.c.CommunityApplication [SpringApplication.java:675] No active profile set, falling back to default profiles: default
2022-01-30 11:18:34,291 INFO [restartedMain] o.s.b.d.e.DevToolsPropertyDefaultsPostProcessor [DeferredLog.java:227] Devtools property defaults active! Set 'spring.devtools.add-properties' to 'false' to disable
2022-01-30 11:18:34,291 INFO [restartedMain] o.s.b.d.e.DevToolsPropertyDefaultsPostProcessor [DeferredLog.java:227] For additional web related logging consider setting the 'logging.level.web' property to 'DEBUG'
2022-01-30 11:18:35,755 INFO [restartedMain] o.s.b.w.e.t.TomcatWebServer [TomcatWebServer.java:90] Tomcat initialized with port(s): 8080 (http)
2022-01-30 11:18:35,775 INFO [restartedMain] o.a.c.h.Http11NioProtocol [DirectJDKLog.java:173] Initializing ProtocolHandler ["http-nio-8080"]
2022-01-30 11:18:35,775 INFO [restartedMain] o.a.c.c.StandardService [DirectJDKLog.java:173] Starting service [Tomcat]
2022-01-30 11:18:35,775 INFO [restartedMain] o.a.c.c.StandardEngine [DirectJDKLog.java:173] Starting Servlet engine: [Apache Tomcat/9.0.19]
2022-01-30 11:18:35,785 INFO [restartedMain] o.a.c.c.AprLifecycleListener [DirectJDKLog.java:173] Loaded APR based Apache Tomcat Native library [1.2.21] using APR version [1.6.5].
2022-01-30 11:18:35,785 INFO [restartedMain] o.a.c.c.AprLifecycleListener [DirectJDKLog.java:173] APR capabilities: IPv6 [true], sendfile [true], accept filters [false], random [true].
2022-01-30 11:18:35,785 INFO [restartedMain] o.a.c.c.AprLifecycleListener [DirectJDKLog.java:173] APR/OpenSSL configuration: useAprConnector [false], useOpenSSL [true]
2022-01-30 11:18:35,795 INFO [restartedMain] o.a.c.c.AprLifecycleListener [DirectJDKLog.java:173] OpenSSL successfully initialized [OpenSSL 1.1.1a  20 Nov 2018]
2022-01-30 11:18:35,915 INFO [restartedMain] o.a.c.c.C.[.[.[/community] [DirectJDKLog.java:173] Initializing Spring embedded WebApplicationContext
2022-01-30 11:18:35,915 INFO [restartedMain] o.s.w.c.ContextLoader [ServletWebServerApplicationContext.java:296] Root WebApplicationContext: initialization completed in 1624 ms
2022-01-30 11:18:36,425 INFO [restartedMain] o.s.s.c.ThreadPoolTaskExecutor [ExecutorConfigurationSupport.java:171] Initializing ExecutorService 'applicationTaskExecutor'
2022-01-30 11:18:36,504 INFO [restartedMain] o.s.b.a.w.s.WelcomePageHandlerMapping [WelcomePageHandlerMapping.java:61] Adding welcome page template: index
2022-01-30 11:18:36,628 INFO [restartedMain] o.s.b.d.a.OptionalLiveReloadServer [OptionalLiveReloadServer.java:57] LiveReload server is running on port 35729
2022-01-30 11:18:36,657 INFO [restartedMain] o.a.c.h.Http11NioProtocol [DirectJDKLog.java:173] Starting ProtocolHandler ["http-nio-8080"]
2022-01-30 11:18:36,687 INFO [restartedMain] o.s.b.w.e.t.TomcatWebServer [TomcatWebServer.java:204] Tomcat started on port(s): 8080 (http) with context path '/community'
2022-01-30 11:18:36,690 INFO [restartedMain] c.n.c.CommunityApplication [StartupInfoLogger.java:59] Started CommunityApplication in 3.095 seconds (JVM running for 5.5)
2022-01-30 11:18:36,957 INFO [http-nio-8080-exec-1] o.a.c.c.C.[.[.[/community] [DirectJDKLog.java:173] Initializing Spring DispatcherServlet 'dispatcherServlet'
2022-01-30 11:18:36,957 INFO [http-nio-8080-exec-1] o.s.w.s.DispatcherServlet [FrameworkServlet.java:524] Initializing Servlet 'dispatcherServlet'
2022-01-30 11:18:36,962 INFO [http-nio-8080-exec-1] o.s.w.s.DispatcherServlet [FrameworkServlet.java:546] Completed initialization in 5 ms
2022-01-30 11:18:37,018 INFO [http-nio-8080-exec-1] c.z.h.HikariDataSource [HikariDataSource.java:110] hikariCP - Starting...
2022-01-30 11:18:37,171 INFO [http-nio-8080-exec-1] c.z.h.HikariDataSource [HikariDataSource.java:123] hikariCP - Start completed.
2022-01-30 11:24:00,626 INFO [restartedMain] c.n.c.CommunityApplication [StartupInfoLogger.java:50] Starting CommunityApplication on LAPTOP-00UG8CNT with PID 16644 (started by 马海森 in E:\IntelliJ IDEA 2019.3.3\projects\community)
2022-01-30 11:24:00,636 INFO [restartedMain] c.n.c.CommunityApplication [SpringApplication.java:675] No active profile set, falling back to default profiles: default
2022-01-30 11:24:00,696 INFO [restartedMain] o.s.b.d.e.DevToolsPropertyDefaultsPostProcessor [DeferredLog.java:227] Devtools property defaults active! Set 'spring.devtools.add-properties' to 'false' to disable
2022-01-30 11:24:00,696 INFO [restartedMain] o.s.b.d.e.DevToolsPropertyDefaultsPostProcessor [DeferredLog.java:227] For additional web related logging consider setting the 'logging.level.web' property to 'DEBUG'
2022-01-30 11:24:03,160 INFO [restartedMain] o.s.b.w.e.t.TomcatWebServer [TomcatWebServer.java:90] Tomcat initialized with port(s): 8080 (http)
2022-01-30 11:24:03,170 INFO [restartedMain] o.a.c.h.Http11NioProtocol [DirectJDKLog.java:173] Initializing ProtocolHandler ["http-nio-8080"]
2022-01-30 11:24:03,180 INFO [restartedMain] o.a.c.c.StandardService [DirectJDKLog.java:173] Starting service [Tomcat]
2022-01-30 11:24:03,180 INFO [restartedMain] o.a.c.c.StandardEngine [DirectJDKLog.java:173] Starting Servlet engine: [Apache Tomcat/9.0.19]
2022-01-30 11:24:03,190 INFO [restartedMain] o.a.c.c.AprLifecycleListener [DirectJDKLog.java:173] Loaded APR based Apache Tomcat Native library [1.2.21] using APR version [1.6.5].
2022-01-30 11:24:03,190 INFO [restartedMain] o.a.c.c.AprLifecycleListener [DirectJDKLog.java:173] APR capabilities: IPv6 [true], sendfile [true], accept filters [false], random [true].
2022-01-30 11:24:03,190 INFO [restartedMain] o.a.c.c.AprLifecycleListener [DirectJDKLog.java:173] APR/OpenSSL configuration: useAprConnector [false], useOpenSSL [true]
2022-01-30 11:24:03,190 INFO [restartedMain] o.a.c.c.AprLifecycleListener [DirectJDKLog.java:173] OpenSSL successfully initialized [OpenSSL 1.1.1a  20 Nov 2018]
2022-01-30 11:24:03,283 INFO [restartedMain] o.a.c.c.C.[.[.[/community] [DirectJDKLog.java:173] Initializing Spring embedded WebApplicationContext
2022-01-30 11:24:03,283 INFO [restartedMain] o.s.w.c.ContextLoader [ServletWebServerApplicationContext.java:296] Root WebApplicationContext: initialization completed in 2587 ms
2022-01-30 11:24:03,840 INFO [restartedMain] o.s.s.c.ThreadPoolTaskExecutor [ExecutorConfigurationSupport.java:171] Initializing ExecutorService 'applicationTaskExecutor'
2022-01-30 11:24:03,919 INFO [restartedMain] o.s.b.a.w.s.WelcomePageHandlerMapping [WelcomePageHandlerMapping.java:61] Adding welcome page template: index
2022-01-30 11:24:04,009 INFO [restartedMain] o.s.b.d.a.OptionalLiveReloadServer [OptionalLiveReloadServer.java:57] LiveReload server is running on port 35729
2022-01-30 11:24:04,029 INFO [restartedMain] o.a.c.h.Http11NioProtocol [DirectJDKLog.java:173] Starting ProtocolHandler ["http-nio-8080"]
2022-01-30 11:24:04,059 INFO [restartedMain] o.s.b.w.e.t.TomcatWebServer [TomcatWebServer.java:204] Tomcat started on port(s): 8080 (http) with context path '/community'
2022-01-30 11:24:04,059 INFO [restartedMain] c.n.c.CommunityApplication [StartupInfoLogger.java:59] Started CommunityApplication in 4.483 seconds (JVM running for 6.951)
2022-01-30 11:24:13,543 INFO [http-nio-8080-exec-1] o.a.c.c.C.[.[.[/community] [DirectJDKLog.java:173] Initializing Spring DispatcherServlet 'dispatcherServlet'
2022-01-30 11:24:13,544 INFO [http-nio-8080-exec-1] o.s.w.s.DispatcherServlet [FrameworkServlet.java:524] Initializing Servlet 'dispatcherServlet'
2022-01-30 11:24:13,551 INFO [http-nio-8080-exec-1] o.s.w.s.DispatcherServlet [FrameworkServlet.java:546] Completed initialization in 7 ms
2022-01-30 11:24:13,580 INFO [http-nio-8080-exec-1] c.z.h.HikariDataSource [HikariDataSource.java:110] hikariCP - Starting...
2022-01-30 11:24:13,692 INFO [http-nio-8080-exec-1] c.z.h.HikariDataSource [HikariDataSource.java:123] hikariCP - Start completed.
2022-01-30 12:50:28,946 INFO [restartedMain] c.n.c.CommunityApplication [StartupInfoLogger.java:50] Starting CommunityApplication on LAPTOP-00UG8CNT with PID 15748 (started by 马海森 in E:\IntelliJ IDEA 2019.3.3\projects\community)
2022-01-30 12:50:28,954 INFO [restartedMain] c.n.c.CommunityApplication [SpringApplication.java:675] No active profile set, falling back to default profiles: default
2022-01-30 12:50:29,109 INFO [restartedMain] o.s.b.d.e.DevToolsPropertyDefaultsPostProcessor [DeferredLog.java:227] Devtools property defaults active! Set 'spring.devtools.add-properties' to 'false' to disable
2022-01-30 12:50:29,109 INFO [restartedMain] o.s.b.d.e.DevToolsPropertyDefaultsPostProcessor [DeferredLog.java:227] For additional web related logging consider setting the 'logging.level.web' property to 'DEBUG'
2022-01-30 12:50:31,752 INFO [restartedMain] o.s.b.w.e.t.TomcatWebServer [TomcatWebServer.java:90] Tomcat initialized with port(s): 8080 (http)
2022-01-30 12:50:31,772 INFO [restartedMain] o.a.c.h.Http11NioProtocol [DirectJDKLog.java:173] Initializing ProtocolHandler ["http-nio-8080"]
2022-01-30 12:50:31,792 INFO [restartedMain] o.a.c.c.StandardService [DirectJDKLog.java:173] Starting service [Tomcat]
2022-01-30 12:50:31,792 INFO [restartedMain] o.a.c.c.StandardEngine [DirectJDKLog.java:173] Starting Servlet engine: [Apache Tomcat/9.0.19]
2022-01-30 12:50:31,802 INFO [restartedMain] o.a.c.c.AprLifecycleListener [DirectJDKLog.java:173] Loaded APR based Apache Tomcat Native library [1.2.21] using APR version [1.6.5].
2022-01-30 12:50:31,802 INFO [restartedMain] o.a.c.c.AprLifecycleListener [DirectJDKLog.java:173] APR capabilities: IPv6 [true], sendfile [true], accept filters [false], random [true].
2022-01-30 12:50:31,802 INFO [restartedMain] o.a.c.c.AprLifecycleListener [DirectJDKLog.java:173] APR/OpenSSL configuration: useAprConnector [false], useOpenSSL [true]
2022-01-30 12:50:31,802 INFO [restartedMain] o.a.c.c.AprLifecycleListener [DirectJDKLog.java:173] OpenSSL successfully initialized [OpenSSL 1.1.1a  20 Nov 2018]
2022-01-30 12:50:32,038 INFO [restartedMain] o.a.c.c.C.[.[.[/community] [DirectJDKLog.java:173] Initializing Spring embedded WebApplicationContext
2022-01-30 12:50:32,038 INFO [restartedMain] o.s.w.c.ContextLoader [ServletWebServerApplicationContext.java:296] Root WebApplicationContext: initialization completed in 2923 ms
2022-01-30 12:50:33,609 INFO [restartedMain] o.s.s.c.ThreadPoolTaskExecutor [ExecutorConfigurationSupport.java:171] Initializing ExecutorService 'applicationTaskExecutor'
2022-01-30 12:50:33,706 INFO [restartedMain] o.s.b.a.w.s.WelcomePageHandlerMapping [WelcomePageHandlerMapping.java:61] Adding welcome page template: index
2022-01-30 12:50:33,816 INFO [restartedMain] o.s.b.d.a.OptionalLiveReloadServer [OptionalLiveReloadServer.java:57] LiveReload server is running on port 35729
2022-01-30 12:50:33,856 INFO [restartedMain] o.a.c.h.Http11NioProtocol [DirectJDKLog.java:173] Starting ProtocolHandler ["http-nio-8080"]
2022-01-30 12:50:33,896 INFO [restartedMain] o.s.b.w.e.t.TomcatWebServer [TomcatWebServer.java:204] Tomcat started on port(s): 8080 (http) with context path '/community'
2022-01-30 12:50:33,896 INFO [restartedMain] c.n.c.CommunityApplication [StartupInfoLogger.java:59] Started CommunityApplication in 5.757 seconds (JVM running for 8.325)
2022-01-30 12:52:05,841 INFO [http-nio-8080-exec-1] o.a.c.c.C.[.[.[/community] [DirectJDKLog.java:173] Initializing Spring DispatcherServlet 'dispatcherServlet'
2022-01-30 12:52:05,843 INFO [http-nio-8080-exec-1] o.s.w.s.DispatcherServlet [FrameworkServlet.java:524] Initializing Servlet 'dispatcherServlet'
2022-01-30 12:52:05,854 INFO [http-nio-8080-exec-1] o.s.w.s.DispatcherServlet [FrameworkServlet.java:546] Completed initialization in 11 ms
2022-01-30 12:52:05,922 INFO [http-nio-8080-exec-1] c.z.h.HikariDataSource [HikariDataSource.java:110] hikariCP - Starting...
2022-01-30 12:52:06,130 INFO [http-nio-8080-exec-1] c.z.h.HikariDataSource [HikariDataSource.java:123] hikariCP - Start completed.
2022-01-30 12:53:49,371 INFO [restartedMain] c.n.c.CommunityApplication [StartupInfoLogger.java:50] Starting CommunityApplication on LAPTOP-00UG8CNT with PID 10460 (started by 马海森 in E:\IntelliJ IDEA 2019.3.3\projects\community)
2022-01-30 12:53:49,381 INFO [restartedMain] c.n.c.CommunityApplication [SpringApplication.java:675] No active profile set, falling back to default profiles: default
2022-01-30 12:53:49,451 INFO [restartedMain] o.s.b.d.e.DevToolsPropertyDefaultsPostProcessor [DeferredLog.java:227] Devtools property defaults active! Set 'spring.devtools.add-properties' to 'false' to disable
2022-01-30 12:53:49,451 INFO [restartedMain] o.s.b.d.e.DevToolsPropertyDefaultsPostProcessor [DeferredLog.java:227] For additional web related logging consider setting the 'logging.level.web' property to 'DEBUG'
2022-01-30 12:53:51,225 INFO [restartedMain] o.s.b.w.e.t.TomcatWebServer [TomcatWebServer.java:90] Tomcat initialized with port(s): 8080 (http)
2022-01-30 12:53:51,236 INFO [restartedMain] o.a.c.h.Http11NioProtocol [DirectJDKLog.java:173] Initializing ProtocolHandler ["http-nio-8080"]
2022-01-30 12:53:51,243 INFO [restartedMain] o.a.c.c.StandardService [DirectJDKLog.java:173] Starting service [Tomcat]
2022-01-30 12:53:51,243 INFO [restartedMain] o.a.c.c.StandardEngine [DirectJDKLog.java:173] Starting Servlet engine: [Apache Tomcat/9.0.19]
2022-01-30 12:53:51,249 INFO [restartedMain] o.a.c.c.AprLifecycleListener [DirectJDKLog.java:173] Loaded APR based Apache Tomcat Native library [1.2.21] using APR version [1.6.5].
2022-01-30 12:53:51,249 INFO [restartedMain] o.a.c.c.AprLifecycleListener [DirectJDKLog.java:173] APR capabilities: IPv6 [true], sendfile [true], accept filters [false], random [true].
2022-01-30 12:53:51,250 INFO [restartedMain] o.a.c.c.AprLifecycleListener [DirectJDKLog.java:173] APR/OpenSSL configuration: useAprConnector [false], useOpenSSL [true]
2022-01-30 12:53:51,253 INFO [restartedMain] o.a.c.c.AprLifecycleListener [DirectJDKLog.java:173] OpenSSL successfully initialized [OpenSSL 1.1.1a  20 Nov 2018]
2022-01-30 12:53:51,332 INFO [restartedMain] o.a.c.c.C.[.[.[/community] [DirectJDKLog.java:173] Initializing Spring embedded WebApplicationContext
2022-01-30 12:53:51,332 INFO [restartedMain] o.s.w.c.ContextLoader [ServletWebServerApplicationContext.java:296] Root WebApplicationContext: initialization completed in 1881 ms
2022-01-30 12:53:51,872 INFO [restartedMain] o.s.s.c.ThreadPoolTaskExecutor [ExecutorConfigurationSupport.java:171] Initializing ExecutorService 'applicationTaskExecutor'
2022-01-30 12:53:51,942 INFO [restartedMain] o.s.b.a.w.s.WelcomePageHandlerMapping [WelcomePageHandlerMapping.java:61] Adding welcome page template: index
2022-01-30 12:53:52,032 INFO [restartedMain] o.s.b.d.a.OptionalLiveReloadServer [OptionalLiveReloadServer.java:57] LiveReload server is running on port 35729
2022-01-30 12:53:52,062 INFO [restartedMain] o.a.c.h.Http11NioProtocol [DirectJDKLog.java:173] Starting ProtocolHandler ["http-nio-8080"]
2022-01-30 12:53:52,092 INFO [restartedMain] o.s.b.w.e.t.TomcatWebServer [TomcatWebServer.java:204] Tomcat started on port(s): 8080 (http) with context path '/community'
2022-01-30 12:53:52,092 INFO [restartedMain] c.n.c.CommunityApplication [StartupInfoLogger.java:59] Started CommunityApplication in 3.656 seconds (JVM running for 6.338)
2022-01-30 12:53:54,157 INFO [http-nio-8080-exec-1] o.a.c.c.C.[.[.[/community] [DirectJDKLog.java:173] Initializing Spring DispatcherServlet 'dispatcherServlet'
2022-01-30 12:53:54,157 INFO [http-nio-8080-exec-1] o.s.w.s.DispatcherServlet [FrameworkServlet.java:524] Initializing Servlet 'dispatcherServlet'
2022-01-30 12:53:54,162 INFO [http-nio-8080-exec-1] o.s.w.s.DispatcherServlet [FrameworkServlet.java:546] Completed initialization in 5 ms
2022-01-30 12:53:54,189 INFO [http-nio-8080-exec-1] c.z.h.HikariDataSource [HikariDataSource.java:110] hikariCP - Starting...
2022-01-30 12:53:54,294 INFO [http-nio-8080-exec-1] c.z.h.HikariDataSource [HikariDataSource.java:123] hikariCP - Start completed.
2022-01-30 12:55:33,040 INFO [restartedMain] c.n.c.CommunityApplication [StartupInfoLogger.java:50] Starting CommunityApplication on LAPTOP-00UG8CNT with PID 8580 (started by 马海森 in E:\IntelliJ IDEA 2019.3.3\projects\community)
2022-01-30 12:55:33,043 INFO [restartedMain] c.n.c.CommunityApplication [SpringApplication.java:675] No active profile set, falling back to default profiles: default
2022-01-30 12:55:33,117 INFO [restartedMain] o.s.b.d.e.DevToolsPropertyDefaultsPostProcessor [DeferredLog.java:227] Devtools property defaults active! Set 'spring.devtools.add-properties' to 'false' to disable
2022-01-30 12:55:33,117 INFO [restartedMain] o.s.b.d.e.DevToolsPropertyDefaultsPostProcessor [DeferredLog.java:227] For additional web related logging consider setting the 'logging.level.web' property to 'DEBUG'
2022-01-30 12:55:34,586 INFO [restartedMain] o.s.b.w.e.t.TomcatWebServer [TomcatWebServer.java:90] Tomcat initialized with port(s): 8080 (http)
2022-01-30 12:55:34,606 INFO [restartedMain] o.a.c.h.Http11NioProtocol [DirectJDKLog.java:173] Initializing ProtocolHandler ["http-nio-8080"]
2022-01-30 12:55:34,606 INFO [restartedMain] o.a.c.c.StandardService [DirectJDKLog.java:173] Starting service [Tomcat]
2022-01-30 12:55:34,606 INFO [restartedMain] o.a.c.c.StandardEngine [DirectJDKLog.java:173] Starting Servlet engine: [Apache Tomcat/9.0.19]
2022-01-30 12:55:34,616 INFO [restartedMain] o.a.c.c.AprLifecycleListener [DirectJDKLog.java:173] Loaded APR based Apache Tomcat Native library [1.2.21] using APR version [1.6.5].
2022-01-30 12:55:34,616 INFO [restartedMain] o.a.c.c.AprLifecycleListener [DirectJDKLog.java:173] APR capabilities: IPv6 [true], sendfile [true], accept filters [false], random [true].
2022-01-30 12:55:34,616 INFO [restartedMain] o.a.c.c.AprLifecycleListener [DirectJDKLog.java:173] APR/OpenSSL configuration: useAprConnector [false], useOpenSSL [true]
2022-01-30 12:55:34,616 INFO [restartedMain] o.a.c.c.AprLifecycleListener [DirectJDKLog.java:173] OpenSSL successfully initialized [OpenSSL 1.1.1a  20 Nov 2018]
2022-01-30 12:55:34,703 INFO [restartedMain] o.a.c.c.C.[.[.[/community] [DirectJDKLog.java:173] Initializing Spring embedded WebApplicationContext
2022-01-30 12:55:34,703 INFO [restartedMain] o.s.w.c.ContextLoader [ServletWebServerApplicationContext.java:296] Root WebApplicationContext: initialization completed in 1586 ms
2022-01-30 12:55:35,250 INFO [restartedMain] o.s.s.c.ThreadPoolTaskExecutor [ExecutorConfigurationSupport.java:171] Initializing ExecutorService 'applicationTaskExecutor'
2022-01-30 12:55:35,330 INFO [restartedMain] o.s.b.a.w.s.WelcomePageHandlerMapping [WelcomePageHandlerMapping.java:61] Adding welcome page template: index
2022-01-30 12:55:35,433 INFO [restartedMain] o.s.b.d.a.OptionalLiveReloadServer [OptionalLiveReloadServer.java:57] LiveReload server is running on port 35729
2022-01-30 12:55:35,453 INFO [restartedMain] o.a.c.h.Http11NioProtocol [DirectJDKLog.java:173] Starting ProtocolHandler ["http-nio-8080"]
2022-01-30 12:55:35,483 INFO [restartedMain] o.s.b.w.e.t.TomcatWebServer [TomcatWebServer.java:204] Tomcat started on port(s): 8080 (http) with context path '/community'
2022-01-30 12:55:35,483 INFO [restartedMain] c.n.c.CommunityApplication [StartupInfoLogger.java:59] Started CommunityApplication in 3.043 seconds (JVM running for 5.215)
2022-01-30 12:55:35,785 INFO [http-nio-8080-exec-1] o.a.c.c.C.[.[.[/community] [DirectJDKLog.java:173] Initializing Spring DispatcherServlet 'dispatcherServlet'
2022-01-30 12:55:35,786 INFO [http-nio-8080-exec-1] o.s.w.s.DispatcherServlet [FrameworkServlet.java:524] Initializing Servlet 'dispatcherServlet'
2022-01-30 12:55:35,790 INFO [http-nio-8080-exec-1] o.s.w.s.DispatcherServlet [FrameworkServlet.java:546] Completed initialization in 4 ms
2022-01-30 12:55:35,819 INFO [http-nio-8080-exec-1] c.z.h.HikariDataSource [HikariDataSource.java:110] hikariCP - Starting...
2022-01-30 12:55:35,956 INFO [http-nio-8080-exec-1] c.z.h.HikariDataSource [HikariDataSource.java:123] hikariCP - Start completed.
2022-01-30 12:58:31,557 INFO [restartedMain] c.n.c.CommunityApplication [StartupInfoLogger.java:50] Starting CommunityApplication on LAPTOP-00UG8CNT with PID 18632 (started by 马海森 in E:\IntelliJ IDEA 2019.3.3\projects\community)
2022-01-30 12:58:31,562 INFO [restartedMain] c.n.c.CommunityApplication [SpringApplication.java:675] No active profile set, falling back to default profiles: default
2022-01-30 12:58:31,607 INFO [restartedMain] o.s.b.d.e.DevToolsPropertyDefaultsPostProcessor [DeferredLog.java:227] Devtools property defaults active! Set 'spring.devtools.add-properties' to 'false' to disable
2022-01-30 12:58:31,607 INFO [restartedMain] o.s.b.d.e.DevToolsPropertyDefaultsPostProcessor [DeferredLog.java:227] For additional web related logging consider setting the 'logging.level.web' property to 'DEBUG'
2022-01-30 12:58:33,500 INFO [restartedMain] o.s.b.w.e.t.TomcatWebServer [TomcatWebServer.java:90] Tomcat initialized with port(s): 8080 (http)
2022-01-30 12:58:33,512 INFO [restartedMain] o.a.c.h.Http11NioProtocol [DirectJDKLog.java:173] Initializing ProtocolHandler ["http-nio-8080"]
2022-01-30 12:58:33,522 INFO [restartedMain] o.a.c.c.StandardService [DirectJDKLog.java:173] Starting service [Tomcat]
2022-01-30 12:58:33,522 INFO [restartedMain] o.a.c.c.StandardEngine [DirectJDKLog.java:173] Starting Servlet engine: [Apache Tomcat/9.0.19]
2022-01-30 12:58:33,532 INFO [restartedMain] o.a.c.c.AprLifecycleListener [DirectJDKLog.java:173] Loaded APR based Apache Tomcat Native library [1.2.21] using APR version [1.6.5].
2022-01-30 12:58:33,532 INFO [restartedMain] o.a.c.c.AprLifecycleListener [DirectJDKLog.java:173] APR capabilities: IPv6 [true], sendfile [true], accept filters [false], random [true].
2022-01-30 12:58:33,532 INFO [restartedMain] o.a.c.c.AprLifecycleListener [DirectJDKLog.java:173] APR/OpenSSL configuration: useAprConnector [false], useOpenSSL [true]
2022-01-30 12:58:33,542 INFO [restartedMain] o.a.c.c.AprLifecycleListener [DirectJDKLog.java:173] OpenSSL successfully initialized [OpenSSL 1.1.1a  20 Nov 2018]
2022-01-30 12:58:33,648 INFO [restartedMain] o.a.c.c.C.[.[.[/community] [DirectJDKLog.java:173] Initializing Spring embedded WebApplicationContext
2022-01-30 12:58:33,648 INFO [restartedMain] o.s.w.c.ContextLoader [ServletWebServerApplicationContext.java:296] Root WebApplicationContext: initialization completed in 2041 ms
2022-01-30 12:58:34,348 INFO [restartedMain] o.s.s.c.ThreadPoolTaskExecutor [ExecutorConfigurationSupport.java:171] Initializing ExecutorService 'applicationTaskExecutor'
2022-01-30 12:58:34,448 INFO [restartedMain] o.s.b.a.w.s.WelcomePageHandlerMapping [WelcomePageHandlerMapping.java:61] Adding welcome page template: index
2022-01-30 12:58:34,602 INFO [restartedMain] o.s.b.d.a.OptionalLiveReloadServer [OptionalLiveReloadServer.java:57] LiveReload server is running on port 35729
2022-01-30 12:58:34,635 INFO [restartedMain] o.a.c.h.Http11NioProtocol [DirectJDKLog.java:173] Starting ProtocolHandler ["http-nio-8080"]
2022-01-30 12:58:34,669 INFO [restartedMain] o.s.b.w.e.t.TomcatWebServer [TomcatWebServer.java:204] Tomcat started on port(s): 8080 (http) with context path '/community'
2022-01-30 12:58:34,672 INFO [restartedMain] c.n.c.CommunityApplication [StartupInfoLogger.java:59] Started CommunityApplication in 3.777 seconds (JVM running for 6.3)
2022-01-30 12:58:34,783 INFO [http-nio-8080-exec-1] o.a.c.c.C.[.[.[/community] [DirectJDKLog.java:173] Initializing Spring DispatcherServlet 'dispatcherServlet'
2022-01-30 12:58:34,783 INFO [http-nio-8080-exec-1] o.s.w.s.DispatcherServlet [FrameworkServlet.java:524] Initializing Servlet 'dispatcherServlet'
2022-01-30 12:58:34,789 INFO [http-nio-8080-exec-1] o.s.w.s.DispatcherServlet [FrameworkServlet.java:546] Completed initialization in 6 ms
2022-01-30 12:58:34,821 INFO [http-nio-8080-exec-1] c.z.h.HikariDataSource [HikariDataSource.java:110] hikariCP - Starting...
2022-01-30 12:58:34,960 INFO [http-nio-8080-exec-1] c.z.h.HikariDataSource [HikariDataSource.java:123] hikariCP - Start completed.
2022-01-30 22:56:53,996 INFO [restartedMain] c.n.c.CommunityApplication [StartupInfoLogger.java:50] Starting CommunityApplication on LAPTOP-00UG8CNT with PID 14304 (started by 马海森 in E:\IntelliJ IDEA 2019.3.3\projects\community)
2022-01-30 22:56:54,002 INFO [restartedMain] c.n.c.CommunityApplication [SpringApplication.java:675] No active profile set, falling back to default profiles: default
2022-01-30 22:56:54,116 INFO [restartedMain] o.s.b.d.e.DevToolsPropertyDefaultsPostProcessor [DeferredLog.java:227] Devtools property defaults active! Set 'spring.devtools.add-properties' to 'false' to disable
2022-01-30 22:56:54,118 INFO [restartedMain] o.s.b.d.e.DevToolsPropertyDefaultsPostProcessor [DeferredLog.java:227] For additional web related logging consider setting the 'logging.level.web' property to 'DEBUG'
2022-01-30 22:56:57,012 INFO [restartedMain] o.s.b.w.e.t.TomcatWebServer [TomcatWebServer.java:90] Tomcat initialized with port(s): 8080 (http)
2022-01-30 22:56:57,085 INFO [restartedMain] o.a.c.h.Http11NioProtocol [DirectJDKLog.java:173] Initializing ProtocolHandler ["http-nio-8080"]
2022-01-30 22:56:57,139 INFO [restartedMain] o.a.c.c.StandardService [DirectJDKLog.java:173] Starting service [Tomcat]
2022-01-30 22:56:57,140 INFO [restartedMain] o.a.c.c.StandardEngine [DirectJDKLog.java:173] Starting Servlet engine: [Apache Tomcat/9.0.19]
2022-01-30 22:56:57,149 INFO [restartedMain] o.a.c.c.AprLifecycleListener [DirectJDKLog.java:173] Loaded APR based Apache Tomcat Native library [1.2.21] using APR version [1.6.5].
2022-01-30 22:56:57,150 INFO [restartedMain] o.a.c.c.AprLifecycleListener [DirectJDKLog.java:173] APR capabilities: IPv6 [true], sendfile [true], accept filters [false], random [true].
2022-01-30 22:56:57,150 INFO [restartedMain] o.a.c.c.AprLifecycleListener [DirectJDKLog.java:173] APR/OpenSSL configuration: useAprConnector [false], useOpenSSL [true]
2022-01-30 22:56:57,174 INFO [restartedMain] o.a.c.c.AprLifecycleListener [DirectJDKLog.java:173] OpenSSL successfully initialized [OpenSSL 1.1.1a  20 Nov 2018]
2022-01-30 22:56:57,345 INFO [restartedMain] o.a.c.c.C.[.[.[/community] [DirectJDKLog.java:173] Initializing Spring embedded WebApplicationContext
2022-01-30 22:56:57,346 INFO [restartedMain] o.s.w.c.ContextLoader [ServletWebServerApplicationContext.java:296] Root WebApplicationContext: initialization completed in 3227 ms
2022-01-30 22:56:58,337 INFO [restartedMain] o.s.s.c.ThreadPoolTaskExecutor [ExecutorConfigurationSupport.java:171] Initializing ExecutorService 'applicationTaskExecutor'
2022-01-30 22:56:58,437 INFO [restartedMain] o.s.b.a.w.s.WelcomePageHandlerMapping [WelcomePageHandlerMapping.java:61] Adding welcome page template: index
2022-01-30 22:56:58,559 INFO [restartedMain] o.s.b.d.a.OptionalLiveReloadServer [OptionalLiveReloadServer.java:57] LiveReload server is running on port 35729
2022-01-30 22:56:58,587 INFO [restartedMain] o.a.c.h.Http11NioProtocol [DirectJDKLog.java:173] Starting ProtocolHandler ["http-nio-8080"]
2022-01-30 22:56:58,619 INFO [restartedMain] o.s.b.w.e.t.TomcatWebServer [TomcatWebServer.java:204] Tomcat started on port(s): 8080 (http) with context path '/community'
2022-01-30 22:56:58,622 INFO [restartedMain] c.n.c.CommunityApplication [StartupInfoLogger.java:59] Started CommunityApplication in 5.929 seconds (JVM running for 10.261)
2022-01-30 22:58:06,419 INFO [restartedMain] c.n.c.CommunityApplication [StartupInfoLogger.java:50] Starting CommunityApplication on LAPTOP-00UG8CNT with PID 12696 (started by 马海森 in E:\IntelliJ IDEA 2019.3.3\projects\community)
2022-01-30 22:58:06,423 INFO [restartedMain] c.n.c.CommunityApplication [SpringApplication.java:675] No active profile set, falling back to default profiles: default
2022-01-30 22:58:06,488 INFO [restartedMain] o.s.b.d.e.DevToolsPropertyDefaultsPostProcessor [DeferredLog.java:227] Devtools property defaults active! Set 'spring.devtools.add-properties' to 'false' to disable
2022-01-30 22:58:06,488 INFO [restartedMain] o.s.b.d.e.DevToolsPropertyDefaultsPostProcessor [DeferredLog.java:227] For additional web related logging consider setting the 'logging.level.web' property to 'DEBUG'
2022-01-30 22:58:08,715 INFO [restartedMain] o.s.b.w.e.t.TomcatWebServer [TomcatWebServer.java:90] Tomcat initialized with port(s): 8080 (http)
2022-01-30 22:58:08,729 INFO [restartedMain] o.a.c.h.Http11NioProtocol [DirectJDKLog.java:173] Initializing ProtocolHandler ["http-nio-8080"]
2022-01-30 22:58:08,740 INFO [restartedMain] o.a.c.c.StandardService [DirectJDKLog.java:173] Starting service [Tomcat]
2022-01-30 22:58:08,740 INFO [restartedMain] o.a.c.c.StandardEngine [DirectJDKLog.java:173] Starting Servlet engine: [Apache Tomcat/9.0.19]
2022-01-30 22:58:08,750 INFO [restartedMain] o.a.c.c.AprLifecycleListener [DirectJDKLog.java:173] Loaded APR based Apache Tomcat Native library [1.2.21] using APR version [1.6.5].
2022-01-30 22:58:08,750 INFO [restartedMain] o.a.c.c.AprLifecycleListener [DirectJDKLog.java:173] APR capabilities: IPv6 [true], sendfile [true], accept filters [false], random [true].
2022-01-30 22:58:08,751 INFO [restartedMain] o.a.c.c.AprLifecycleListener [DirectJDKLog.java:173] APR/OpenSSL configuration: useAprConnector [false], useOpenSSL [true]
2022-01-30 22:58:08,758 INFO [restartedMain] o.a.c.c.AprLifecycleListener [DirectJDKLog.java:173] OpenSSL successfully initialized [OpenSSL 1.1.1a  20 Nov 2018]
2022-01-30 22:58:08,884 INFO [restartedMain] o.a.c.c.C.[.[.[/community] [DirectJDKLog.java:173] Initializing Spring embedded WebApplicationContext
2022-01-30 22:58:08,885 INFO [restartedMain] o.s.w.c.ContextLoader [ServletWebServerApplicationContext.java:296] Root WebApplicationContext: initialization completed in 2396 ms
2022-01-30 22:58:09,825 INFO [restartedMain] o.s.s.c.ThreadPoolTaskExecutor [ExecutorConfigurationSupport.java:171] Initializing ExecutorService 'applicationTaskExecutor'
2022-01-30 22:58:09,932 INFO [restartedMain] o.s.b.a.w.s.WelcomePageHandlerMapping [WelcomePageHandlerMapping.java:61] Adding welcome page template: index
2022-01-30 22:58:10,041 INFO [restartedMain] o.s.b.d.a.OptionalLiveReloadServer [OptionalLiveReloadServer.java:57] LiveReload server is running on port 35729
2022-01-30 22:58:10,070 INFO [restartedMain] o.a.c.h.Http11NioProtocol [DirectJDKLog.java:173] Starting ProtocolHandler ["http-nio-8080"]
2022-01-30 22:58:10,100 INFO [restartedMain] o.s.b.w.e.t.TomcatWebServer [TomcatWebServer.java:204] Tomcat started on port(s): 8080 (http) with context path '/community'
2022-01-30 22:58:10,100 INFO [restartedMain] c.n.c.CommunityApplication [StartupInfoLogger.java:59] Started CommunityApplication in 4.346 seconds (JVM running for 6.563)
2022-01-30 22:58:10,731 INFO [http-nio-8080-exec-1] o.a.c.c.C.[.[.[/community] [DirectJDKLog.java:173] Initializing Spring DispatcherServlet 'dispatcherServlet'
2022-01-30 22:58:10,731 INFO [http-nio-8080-exec-1] o.s.w.s.DispatcherServlet [FrameworkServlet.java:524] Initializing Servlet 'dispatcherServlet'
2022-01-30 22:58:10,740 INFO [http-nio-8080-exec-1] o.s.w.s.DispatcherServlet [FrameworkServlet.java:546] Completed initialization in 8 ms
2022-01-30 22:58:10,858 INFO [http-nio-8080-exec-1] c.z.h.HikariDataSource [HikariDataSource.java:110] hikariCP - Starting...
2022-01-30 22:58:11,500 INFO [http-nio-8080-exec-1] c.z.h.HikariDataSource [HikariDataSource.java:123] hikariCP - Start completed.
2022-01-30 22:59:02,823 INFO [restartedMain] c.n.c.CommunityApplication [StartupInfoLogger.java:50] Starting CommunityApplication on LAPTOP-00UG8CNT with PID 11896 (started by 马海森 in E:\IntelliJ IDEA 2019.3.3\projects\community)
2022-01-30 22:59:02,833 INFO [restartedMain] c.n.c.CommunityApplication [SpringApplication.java:675] No active profile set, falling back to default profiles: default
2022-01-30 22:59:02,973 INFO [restartedMain] o.s.b.d.e.DevToolsPropertyDefaultsPostProcessor [DeferredLog.java:227] Devtools property defaults active! Set 'spring.devtools.add-properties' to 'false' to disable
2022-01-30 22:59:02,973 INFO [restartedMain] o.s.b.d.e.DevToolsPropertyDefaultsPostProcessor [DeferredLog.java:227] For additional web related logging consider setting the 'logging.level.web' property to 'DEBUG'
2022-01-30 22:59:04,839 INFO [restartedMain] o.s.b.w.e.t.TomcatWebServer [TomcatWebServer.java:90] Tomcat initialized with port(s): 8080 (http)
2022-01-30 22:59:04,849 INFO [restartedMain] o.a.c.h.Http11NioProtocol [DirectJDKLog.java:173] Initializing ProtocolHandler ["http-nio-8080"]
2022-01-30 22:59:04,859 INFO [restartedMain] o.a.c.c.StandardService [DirectJDKLog.java:173] Starting service [Tomcat]
2022-01-30 22:59:04,859 INFO [restartedMain] o.a.c.c.StandardEngine [DirectJDKLog.java:173] Starting Servlet engine: [Apache Tomcat/9.0.19]
2022-01-30 22:59:04,869 INFO [restartedMain] o.a.c.c.AprLifecycleListener [DirectJDKLog.java:173] Loaded APR based Apache Tomcat Native library [1.2.21] using APR version [1.6.5].
2022-01-30 22:59:04,869 INFO [restartedMain] o.a.c.c.AprLifecycleListener [DirectJDKLog.java:173] APR capabilities: IPv6 [true], sendfile [true], accept filters [false], random [true].
2022-01-30 22:59:04,869 INFO [restartedMain] o.a.c.c.AprLifecycleListener [DirectJDKLog.java:173] APR/OpenSSL configuration: useAprConnector [false], useOpenSSL [true]
2022-01-30 22:59:04,879 INFO [restartedMain] o.a.c.c.AprLifecycleListener [DirectJDKLog.java:173] OpenSSL successfully initialized [OpenSSL 1.1.1a  20 Nov 2018]
2022-01-30 22:59:04,999 INFO [restartedMain] o.a.c.c.C.[.[.[/community] [DirectJDKLog.java:173] Initializing Spring embedded WebApplicationContext
2022-01-30 22:59:04,999 INFO [restartedMain] o.s.w.c.ContextLoader [ServletWebServerApplicationContext.java:296] Root WebApplicationContext: initialization completed in 2026 ms
2022-01-30 22:59:05,705 INFO [restartedMain] o.s.s.c.ThreadPoolTaskExecutor [ExecutorConfigurationSupport.java:171] Initializing ExecutorService 'applicationTaskExecutor'
2022-01-30 22:59:05,825 INFO [restartedMain] o.s.b.a.w.s.WelcomePageHandlerMapping [WelcomePageHandlerMapping.java:61] Adding welcome page template: index
2022-01-30 22:59:05,965 INFO [restartedMain] o.s.b.d.a.OptionalLiveReloadServer [OptionalLiveReloadServer.java:57] LiveReload server is running on port 35729
2022-01-30 22:59:06,015 INFO [restartedMain] o.a.c.h.Http11NioProtocol [DirectJDKLog.java:173] Starting ProtocolHandler ["http-nio-8080"]
2022-01-30 22:59:06,055 INFO [restartedMain] o.s.b.w.e.t.TomcatWebServer [TomcatWebServer.java:204] Tomcat started on port(s): 8080 (http) with context path '/community'
2022-01-30 22:59:06,055 INFO [restartedMain] c.n.c.CommunityApplication [StartupInfoLogger.java:59] Started CommunityApplication in 4.061 seconds (JVM running for 6.456)
2022-01-30 22:59:20,249 INFO [http-nio-8080-exec-1] o.a.c.c.C.[.[.[/community] [DirectJDKLog.java:173] Initializing Spring DispatcherServlet 'dispatcherServlet'
2022-01-30 22:59:20,250 INFO [http-nio-8080-exec-1] o.s.w.s.DispatcherServlet [FrameworkServlet.java:524] Initializing Servlet 'dispatcherServlet'
2022-01-30 22:59:20,259 INFO [http-nio-8080-exec-1] o.s.w.s.DispatcherServlet [FrameworkServlet.java:546] Completed initialization in 9 ms
2022-01-30 22:59:20,291 INFO [http-nio-8080-exec-1] c.z.h.HikariDataSource [HikariDataSource.java:110] hikariCP - Starting...
2022-01-30 22:59:20,406 INFO [http-nio-8080-exec-1] c.z.h.HikariDataSource [HikariDataSource.java:123] hikariCP - Start completed.
2022-01-30 23:30:25,145 INFO [restartedMain] c.n.c.CommunityApplication [StartupInfoLogger.java:50] Starting CommunityApplication on LAPTOP-00UG8CNT with PID 10872 (started by 马海森 in E:\IntelliJ IDEA 2019.3.3\projects\community)
2022-01-30 23:30:25,150 INFO [restartedMain] c.n.c.CommunityApplication [SpringApplication.java:675] No active profile set, falling back to default profiles: default
2022-01-30 23:30:25,243 INFO [restartedMain] o.s.b.d.e.DevToolsPropertyDefaultsPostProcessor [DeferredLog.java:227] Devtools property defaults active! Set 'spring.devtools.add-properties' to 'false' to disable
2022-01-30 23:30:25,244 INFO [restartedMain] o.s.b.d.e.DevToolsPropertyDefaultsPostProcessor [DeferredLog.java:227] For additional web related logging consider setting the 'logging.level.web' property to 'DEBUG'
2022-01-30 23:30:27,885 INFO [restartedMain] o.s.b.w.e.t.TomcatWebServer [TomcatWebServer.java:90] Tomcat initialized with port(s): 8080 (http)
2022-01-30 23:30:27,905 INFO [restartedMain] o.a.c.h.Http11NioProtocol [DirectJDKLog.java:173] Initializing ProtocolHandler ["http-nio-8080"]
2022-01-30 23:30:27,914 INFO [restartedMain] o.a.c.c.StandardService [DirectJDKLog.java:173] Starting service [Tomcat]
2022-01-30 23:30:27,915 INFO [restartedMain] o.a.c.c.StandardEngine [DirectJDKLog.java:173] Starting Servlet engine: [Apache Tomcat/9.0.19]
2022-01-30 23:30:27,927 INFO [restartedMain] o.a.c.c.AprLifecycleListener [DirectJDKLog.java:173] Loaded APR based Apache Tomcat Native library [1.2.21] using APR version [1.6.5].
2022-01-30 23:30:27,927 INFO [restartedMain] o.a.c.c.AprLifecycleListener [DirectJDKLog.java:173] APR capabilities: IPv6 [true], sendfile [true], accept filters [false], random [true].
2022-01-30 23:30:27,928 INFO [restartedMain] o.a.c.c.AprLifecycleListener [DirectJDKLog.java:173] APR/OpenSSL configuration: useAprConnector [false], useOpenSSL [true]
2022-01-30 23:30:27,932 INFO [restartedMain] o.a.c.c.AprLifecycleListener [DirectJDKLog.java:173] OpenSSL successfully initialized [OpenSSL 1.1.1a  20 Nov 2018]
2022-01-30 23:30:28,090 INFO [restartedMain] o.a.c.c.C.[.[.[/community] [DirectJDKLog.java:173] Initializing Spring embedded WebApplicationContext
2022-01-30 23:30:28,091 INFO [restartedMain] o.s.w.c.ContextLoader [ServletWebServerApplicationContext.java:296] Root WebApplicationContext: initialization completed in 2847 ms
2022-01-30 23:30:28,925 INFO [restartedMain] o.s.s.c.ThreadPoolTaskExecutor [ExecutorConfigurationSupport.java:171] Initializing ExecutorService 'applicationTaskExecutor'
2022-01-30 23:30:29,046 INFO [restartedMain] o.s.b.a.w.s.WelcomePageHandlerMapping [WelcomePageHandlerMapping.java:61] Adding welcome page template: index
2022-01-30 23:30:29,175 INFO [restartedMain] o.s.b.d.a.OptionalLiveReloadServer [OptionalLiveReloadServer.java:57] LiveReload server is running on port 35729
2022-01-30 23:30:29,222 INFO [restartedMain] o.a.c.h.Http11NioProtocol [DirectJDKLog.java:173] Starting ProtocolHandler ["http-nio-8080"]
2022-01-30 23:30:29,270 INFO [restartedMain] o.s.b.w.e.t.TomcatWebServer [TomcatWebServer.java:204] Tomcat started on port(s): 8080 (http) with context path '/community'
2022-01-30 23:30:29,276 INFO [restartedMain] c.n.c.CommunityApplication [StartupInfoLogger.java:59] Started CommunityApplication in 5.135 seconds (JVM running for 8.287)
2022-01-30 23:30:29,330 INFO [http-nio-8080-exec-1] o.a.c.c.C.[.[.[/community] [DirectJDKLog.java:173] Initializing Spring DispatcherServlet 'dispatcherServlet'
2022-01-30 23:30:29,330 INFO [http-nio-8080-exec-1] o.s.w.s.DispatcherServlet [FrameworkServlet.java:524] Initializing Servlet 'dispatcherServlet'
2022-01-30 23:30:29,343 INFO [http-nio-8080-exec-1] o.s.w.s.DispatcherServlet [FrameworkServlet.java:546] Completed initialization in 12 ms
2022-01-30 23:30:29,390 INFO [http-nio-8080-exec-1] c.z.h.HikariDataSource [HikariDataSource.java:110] hikariCP - Starting...
2022-01-30 23:30:29,568 INFO [http-nio-8080-exec-1] c.z.h.HikariDataSource [HikariDataSource.java:123] hikariCP - Start completed.
2022-01-30 23:31:50,919 INFO [restartedMain] c.n.c.CommunityApplication [StartupInfoLogger.java:50] Starting CommunityApplication on LAPTOP-00UG8CNT with PID 3772 (started by 马海森 in E:\IntelliJ IDEA 2019.3.3\projects\community)
2022-01-30 23:31:50,922 INFO [restartedMain] c.n.c.CommunityApplication [SpringApplication.java:675] No active profile set, falling back to default profiles: default
2022-01-30 23:31:51,003 INFO [restartedMain] o.s.b.d.e.DevToolsPropertyDefaultsPostProcessor [DeferredLog.java:227] Devtools property defaults active! Set 'spring.devtools.add-properties' to 'false' to disable
2022-01-30 23:31:51,003 INFO [restartedMain] o.s.b.d.e.DevToolsPropertyDefaultsPostProcessor [DeferredLog.java:227] For additional web related logging consider setting the 'logging.level.web' property to 'DEBUG'
2022-01-30 23:31:52,630 INFO [restartedMain] o.s.b.w.e.t.TomcatWebServer [TomcatWebServer.java:90] Tomcat initialized with port(s): 8080 (http)
2022-01-30 23:31:52,640 INFO [restartedMain] o.a.c.h.Http11NioProtocol [DirectJDKLog.java:173] Initializing ProtocolHandler ["http-nio-8080"]
2022-01-30 23:31:52,640 INFO [restartedMain] o.a.c.c.StandardService [DirectJDKLog.java:173] Starting service [Tomcat]
2022-01-30 23:31:52,640 INFO [restartedMain] o.a.c.c.StandardEngine [DirectJDKLog.java:173] Starting Servlet engine: [Apache Tomcat/9.0.19]
2022-01-30 23:31:52,650 INFO [restartedMain] o.a.c.c.AprLifecycleListener [DirectJDKLog.java:173] Loaded APR based Apache Tomcat Native library [1.2.21] using APR version [1.6.5].
2022-01-30 23:31:52,650 INFO [restartedMain] o.a.c.c.AprLifecycleListener [DirectJDKLog.java:173] APR capabilities: IPv6 [true], sendfile [true], accept filters [false], random [true].
2022-01-30 23:31:52,650 INFO [restartedMain] o.a.c.c.AprLifecycleListener [DirectJDKLog.java:173] APR/OpenSSL configuration: useAprConnector [false], useOpenSSL [true]
2022-01-30 23:31:52,650 INFO [restartedMain] o.a.c.c.AprLifecycleListener [DirectJDKLog.java:173] OpenSSL successfully initialized [OpenSSL 1.1.1a  20 Nov 2018]
2022-01-30 23:31:52,760 INFO [restartedMain] o.a.c.c.C.[.[.[/community] [DirectJDKLog.java:173] Initializing Spring embedded WebApplicationContext
2022-01-30 23:31:52,760 INFO [restartedMain] o.s.w.c.ContextLoader [ServletWebServerApplicationContext.java:296] Root WebApplicationContext: initialization completed in 1757 ms
2022-01-30 23:31:53,342 INFO [restartedMain] o.s.s.c.ThreadPoolTaskExecutor [ExecutorConfigurationSupport.java:171] Initializing ExecutorService 'applicationTaskExecutor'
2022-01-30 23:31:53,420 INFO [restartedMain] o.s.b.a.w.s.WelcomePageHandlerMapping [WelcomePageHandlerMapping.java:61] Adding welcome page template: index
2022-01-30 23:31:53,500 INFO [restartedMain] o.s.b.d.a.OptionalLiveReloadServer [OptionalLiveReloadServer.java:57] LiveReload server is running on port 35729
2022-01-30 23:31:53,530 INFO [restartedMain] o.a.c.h.Http11NioProtocol [DirectJDKLog.java:173] Starting ProtocolHandler ["http-nio-8080"]
2022-01-30 23:31:53,560 INFO [restartedMain] o.s.b.w.e.t.TomcatWebServer [TomcatWebServer.java:204] Tomcat started on port(s): 8080 (http) with context path '/community'
2022-01-30 23:31:53,560 INFO [restartedMain] c.n.c.CommunityApplication [StartupInfoLogger.java:59] Started CommunityApplication in 3.444 seconds (JVM running for 5.915)
2022-01-30 23:32:01,242 INFO [http-nio-8080-exec-1] o.a.c.c.C.[.[.[/community] [DirectJDKLog.java:173] Initializing Spring DispatcherServlet 'dispatcherServlet'
2022-01-30 23:32:01,242 INFO [http-nio-8080-exec-1] o.s.w.s.DispatcherServlet [FrameworkServlet.java:524] Initializing Servlet 'dispatcherServlet'
2022-01-30 23:32:01,248 INFO [http-nio-8080-exec-1] o.s.w.s.DispatcherServlet [FrameworkServlet.java:546] Completed initialization in 5 ms
2022-01-30 23:32:01,286 INFO [http-nio-8080-exec-1] c.z.h.HikariDataSource [HikariDataSource.java:110] hikariCP - Starting...
2022-01-30 23:32:01,388 INFO [http-nio-8080-exec-1] c.z.h.HikariDataSource [HikariDataSource.java:123] hikariCP - Start completed.
2022-01-30 23:33:17,637 INFO [restartedMain] c.n.c.CommunityApplication [StartupInfoLogger.java:50] Starting CommunityApplication on LAPTOP-00UG8CNT with PID 11044 (started by 马海森 in E:\IntelliJ IDEA 2019.3.3\projects\community)
2022-01-30 23:33:17,637 INFO [restartedMain] c.n.c.CommunityApplication [SpringApplication.java:675] No active profile set, falling back to default profiles: default
2022-01-30 23:33:17,697 INFO [restartedMain] o.s.b.d.e.DevToolsPropertyDefaultsPostProcessor [DeferredLog.java:227] Devtools property defaults active! Set 'spring.devtools.add-properties' to 'false' to disable
2022-01-30 23:33:17,697 INFO [restartedMain] o.s.b.d.e.DevToolsPropertyDefaultsPostProcessor [DeferredLog.java:227] For additional web related logging consider setting the 'logging.level.web' property to 'DEBUG'
2022-01-30 23:33:19,288 INFO [restartedMain] o.s.b.w.e.t.TomcatWebServer [TomcatWebServer.java:90] Tomcat initialized with port(s): 8080 (http)
2022-01-30 23:33:19,298 INFO [restartedMain] o.a.c.h.Http11NioProtocol [DirectJDKLog.java:173] Initializing ProtocolHandler ["http-nio-8080"]
2022-01-30 23:33:19,298 INFO [restartedMain] o.a.c.c.StandardService [DirectJDKLog.java:173] Starting service [Tomcat]
2022-01-30 23:33:19,298 INFO [restartedMain] o.a.c.c.StandardEngine [DirectJDKLog.java:173] Starting Servlet engine: [Apache Tomcat/9.0.19]
2022-01-30 23:33:19,308 INFO [restartedMain] o.a.c.c.AprLifecycleListener [DirectJDKLog.java:173] Loaded APR based Apache Tomcat Native library [1.2.21] using APR version [1.6.5].
2022-01-30 23:33:19,308 INFO [restartedMain] o.a.c.c.AprLifecycleListener [DirectJDKLog.java:173] APR capabilities: IPv6 [true], sendfile [true], accept filters [false], random [true].
2022-01-30 23:33:19,308 INFO [restartedMain] o.a.c.c.AprLifecycleListener [DirectJDKLog.java:173] APR/OpenSSL configuration: useAprConnector [false], useOpenSSL [true]
2022-01-30 23:33:19,308 INFO [restartedMain] o.a.c.c.AprLifecycleListener [DirectJDKLog.java:173] OpenSSL successfully initialized [OpenSSL 1.1.1a  20 Nov 2018]
2022-01-30 23:33:19,398 INFO [restartedMain] o.a.c.c.C.[.[.[/community] [DirectJDKLog.java:173] Initializing Spring embedded WebApplicationContext
2022-01-30 23:33:19,398 INFO [restartedMain] o.s.w.c.ContextLoader [ServletWebServerApplicationContext.java:296] Root WebApplicationContext: initialization completed in 1701 ms
2022-01-30 23:33:20,052 INFO [restartedMain] o.s.s.c.ThreadPoolTaskExecutor [ExecutorConfigurationSupport.java:171] Initializing ExecutorService 'applicationTaskExecutor'
2022-01-30 23:33:20,164 INFO [restartedMain] o.s.b.a.w.s.WelcomePageHandlerMapping [WelcomePageHandlerMapping.java:61] Adding welcome page template: index
2022-01-30 23:33:20,289 INFO [restartedMain] o.s.b.d.a.OptionalLiveReloadServer [OptionalLiveReloadServer.java:57] LiveReload server is running on port 35729
2022-01-30 23:33:20,330 INFO [restartedMain] o.a.c.h.Http11NioProtocol [DirectJDKLog.java:173] Starting ProtocolHandler ["http-nio-8080"]
2022-01-30 23:33:20,371 INFO [restartedMain] o.s.b.w.e.t.TomcatWebServer [TomcatWebServer.java:204] Tomcat started on port(s): 8080 (http) with context path '/community'
2022-01-30 23:33:20,375 INFO [restartedMain] c.n.c.CommunityApplication [StartupInfoLogger.java:59] Started CommunityApplication in 3.393 seconds (JVM running for 6.101)
2022-01-30 23:33:20,436 INFO [http-nio-8080-exec-1] o.a.c.c.C.[.[.[/community] [DirectJDKLog.java:173] Initializing Spring DispatcherServlet 'dispatcherServlet'
2022-01-30 23:33:20,437 INFO [http-nio-8080-exec-1] o.s.w.s.DispatcherServlet [FrameworkServlet.java:524] Initializing Servlet 'dispatcherServlet'
2022-01-30 23:33:20,456 INFO [http-nio-8080-exec-1] o.s.w.s.DispatcherServlet [FrameworkServlet.java:546] Completed initialization in 18 ms
2022-01-30 23:33:20,506 INFO [http-nio-8080-exec-1] c.z.h.HikariDataSource [HikariDataSource.java:110] hikariCP - Starting...
2022-01-30 23:33:20,747 INFO [http-nio-8080-exec-1] c.z.h.HikariDataSource [HikariDataSource.java:123] hikariCP - Start completed.
