2022-02-06 01:27:48,158 INFO [lettuce-nioEventLoop-4-2] i.n.c.n.NioEventLoop [NioEventLoop.java:422] Migrated 0 channel(s) to the new Selector.
2022-02-06 01:29:28,175 INFO [lettuce-nioEventLoop-4-3] i.n.c.n.NioEventLoop [NioEventLoop.java:422] Migrated 0 channel(s) to the new Selector.
2022-02-06 01:29:58,081 INFO [lettuce-nioEventLoop-4-4] i.n.c.n.NioEventLoop [NioEventLoop.java:422] Migrated 0 channel(s) to the new Selector.
2022-02-06 01:30:03,176 INFO [lettuce-nioEventLoop-4-1] i.n.c.n.NioEventLoop [NioEventLoop.java:422] Migrated 1 channel(s) to the new Selector.
2022-02-06 03:29:50,703 INFO [lettuce-nioEventLoop-4-2] i.n.c.n.NioEventLoop [NioEventLoop.java:422] Migrated 0 channel(s) to the new Selector.
2022-02-06 03:31:30,804 INFO [lettuce-nioEventLoop-4-3] i.n.c.n.NioEventLoop [NioEventLoop.java:422] Migrated 0 channel(s) to the new Selector.
2022-02-06 03:32:00,878 INFO [lettuce-nioEventLoop-4-4] i.n.c.n.NioEventLoop [NioEventLoop.java:422] Migrated 0 channel(s) to the new Selector.
2022-02-06 03:32:05,708 INFO [lettuce-nioEventLoop-4-1] i.n.c.n.NioEventLoop [NioEventLoop.java:422] Migrated 1 channel(s) to the new Selector.
2022-02-06 05:31:53,703 INFO [lettuce-nioEventLoop-4-2] i.n.c.n.NioEventLoop [NioEventLoop.java:422] Migrated 0 channel(s) to the new Selector.
2022-02-06 05:33:33,643 INFO [lettuce-nioEventLoop-4-3] i.n.c.n.NioEventLoop [NioEventLoop.java:422] Migrated 0 channel(s) to the new Selector.
2022-02-06 05:34:03,702 INFO [lettuce-nioEventLoop-4-4] i.n.c.n.NioEventLoop [NioEventLoop.java:422] Migrated 0 channel(s) to the new Selector.
2022-02-06 05:34:08,774 INFO [lettuce-nioEventLoop-4-1] i.n.c.n.NioEventLoop [NioEventLoop.java:422] Migrated 1 channel(s) to the new Selector.
2022-02-06 07:33:56,183 INFO [lettuce-nioEventLoop-4-2] i.n.c.n.NioEventLoop [NioEventLoop.java:422] Migrated 0 channel(s) to the new Selector.
2022-02-06 07:35:10,467 INFO [lettuce-nioEventLoop-4-1] i.l.c.p.CommandHandler [AbstractInternalLogger.java:219] null Unexpected exception during request: java.io.IOException: 远程主机强迫关闭了一个现有的连接。
java.io.IOException: 远程主机强迫关闭了一个现有的连接。
	at sun.nio.ch.SocketDispatcher.read0(Native Method)
	at sun.nio.ch.SocketDispatcher.read(SocketDispatcher.java:43)
	at sun.nio.ch.IOUtil.readIntoNativeBuffer(IOUtil.java:223)
	at sun.nio.ch.IOUtil.read(IOUtil.java:192)
	at sun.nio.ch.SocketChannelImpl.read(SocketChannelImpl.java:380)
	at io.netty.buffer.PooledUnsafeDirectByteBuf.setBytes(PooledUnsafeDirectByteBuf.java:288)
	at io.netty.buffer.AbstractByteBuf.writeBytes(AbstractByteBuf.java:1125)
	at io.netty.channel.socket.nio.NioSocketChannel.doReadBytes(NioSocketChannel.java:347)
	at io.netty.channel.nio.AbstractNioByteChannel$NioByteUnsafe.read(AbstractNioByteChannel.java:148)
	at io.netty.channel.nio.NioEventLoop.processSelectedKey(NioEventLoop.java:682)
	at io.netty.channel.nio.NioEventLoop.processSelectedKeysOptimized(NioEventLoop.java:617)
	at io.netty.channel.nio.NioEventLoop.processSelectedKeys(NioEventLoop.java:534)
	at io.netty.channel.nio.NioEventLoop.run(NioEventLoop.java:496)
	at io.netty.util.concurrent.SingleThreadEventExecutor$5.run(SingleThreadEventExecutor.java:906)
	at io.netty.util.internal.ThreadExecutorMap$2.run(ThreadExecutorMap.java:74)
	at io.netty.util.concurrent.FastThreadLocalRunnable.run(FastThreadLocalRunnable.java:30)
	at java.lang.Thread.run(Thread.java:748)
2022-02-06 07:35:10,571 INFO [lettuce-eventExecutorLoop-1-1] i.l.c.p.ConnectionWatchdog [AbstractInternalLogger.java:173] Reconnecting, last destination was localhost/127.0.0.1:6379
2022-02-06 07:35:16,319 INFO [lettuce-eventExecutorLoop-1-3] i.l.c.p.ConnectionWatchdog [AbstractInternalLogger.java:173] Reconnecting, last destination was localhost:6379
