2022-01-31 14:03:37,777 ERROR [http-nio-8080-exec-1] c.n.c.c.a.ExceptionAdvice [ExceptionAdvice.java:22] 服务器发生异常null
2022-01-31 14:03:37,799 ERROR [http-nio-8080-exec-1] c.n.c.c.a.ExceptionAdvice [ExceptionAdvice.java:24] com.nowcoder.community.controller.CommentController.addComment(CommentController.java:26)
2022-01-31 14:03:37,800 ERROR [http-nio-8080-exec-1] c.n.c.c.a.ExceptionAdvice [ExceptionAdvice.java:24] sun.reflect.NativeMethodAccessorImpl.invoke0(Native Method)
2022-01-31 14:03:37,800 ERROR [http-nio-8080-exec-1] c.n.c.c.a.ExceptionAdvice [ExceptionAdvice.java:24] sun.reflect.NativeMethodAccessorImpl.invoke(NativeMethodAccessorImpl.java:62)
2022-01-31 14:03:37,801 ERROR [http-nio-8080-exec-1] c.n.c.c.a.ExceptionAdvice [ExceptionAdvice.java:24] sun.reflect.DelegatingMethodAccessorImpl.invoke(DelegatingMethodAccessorImpl.java:43)
2022-01-31 14:03:37,801 ERROR [http-nio-8080-exec-1] c.n.c.c.a.ExceptionAdvice [ExceptionAdvice.java:24] java.lang.reflect.Method.invoke(Method.java:498)
2022-01-31 14:03:37,802 ERROR [http-nio-8080-exec-1] c.n.c.c.a.ExceptionAdvice [ExceptionAdvice.java:24] org.springframework.web.method.support.InvocableHandlerMethod.doInvoke(InvocableHandlerMethod.java:190)
2022-01-31 14:03:37,803 ERROR [http-nio-8080-exec-1] c.n.c.c.a.ExceptionAdvice [ExceptionAdvice.java:24] org.springframework.web.method.support.InvocableHandlerMethod.invokeForRequest(InvocableHandlerMethod.java:138)
2022-01-31 14:03:37,803 ERROR [http-nio-8080-exec-1] c.n.c.c.a.ExceptionAdvice [ExceptionAdvice.java:24] org.springframework.web.servlet.mvc.method.annotation.ServletInvocableHandlerMethod.invokeAndHandle(ServletInvocableHandlerMethod.java:104)
2022-01-31 14:03:37,803 ERROR [http-nio-8080-exec-1] c.n.c.c.a.ExceptionAdvice [ExceptionAdvice.java:24] org.springframework.web.servlet.mvc.method.annotation.RequestMappingHandlerAdapter.invokeHandlerMethod(RequestMappingHandlerAdapter.java:892)
2022-01-31 14:03:37,804 ERROR [http-nio-8080-exec-1] c.n.c.c.a.ExceptionAdvice [ExceptionAdvice.java:24] org.springframework.web.servlet.mvc.method.annotation.RequestMappingHandlerAdapter.handleInternal(RequestMappingHandlerAdapter.java:797)
2022-01-31 14:03:37,804 ERROR [http-nio-8080-exec-1] c.n.c.c.a.ExceptionAdvice [ExceptionAdvice.java:24] org.springframework.web.servlet.mvc.method.AbstractHandlerMethodAdapter.handle(AbstractHandlerMethodAdapter.java:87)
2022-01-31 14:03:37,804 ERROR [http-nio-8080-exec-1] c.n.c.c.a.ExceptionAdvice [ExceptionAdvice.java:24] org.springframework.web.servlet.DispatcherServlet.doDispatch(DispatcherServlet.java:1039)
2022-01-31 14:03:37,805 ERROR [http-nio-8080-exec-1] c.n.c.c.a.ExceptionAdvice [ExceptionAdvice.java:24] org.springframework.web.servlet.DispatcherServlet.doService(DispatcherServlet.java:942)
2022-01-31 14:03:37,805 ERROR [http-nio-8080-exec-1] c.n.c.c.a.ExceptionAdvice [ExceptionAdvice.java:24] org.springframework.web.servlet.FrameworkServlet.processRequest(FrameworkServlet.java:1005)
2022-01-31 14:03:37,805 ERROR [http-nio-8080-exec-1] c.n.c.c.a.ExceptionAdvice [ExceptionAdvice.java:24] org.springframework.web.servlet.FrameworkServlet.doPost(FrameworkServlet.java:908)
2022-01-31 14:03:37,805 ERROR [http-nio-8080-exec-1] c.n.c.c.a.ExceptionAdvice [ExceptionAdvice.java:24] javax.servlet.http.HttpServlet.service(HttpServlet.java:660)
2022-01-31 14:03:37,806 ERROR [http-nio-8080-exec-1] c.n.c.c.a.ExceptionAdvice [ExceptionAdvice.java:24] org.springframework.web.servlet.FrameworkServlet.service(FrameworkServlet.java:882)
2022-01-31 14:03:37,806 ERROR [http-nio-8080-exec-1] c.n.c.c.a.ExceptionAdvice [ExceptionAdvice.java:24] javax.servlet.http.HttpServlet.service(HttpServlet.java:741)
2022-01-31 14:03:37,806 ERROR [http-nio-8080-exec-1] c.n.c.c.a.ExceptionAdvice [ExceptionAdvice.java:24] org.apache.catalina.core.ApplicationFilterChain.internalDoFilter(ApplicationFilterChain.java:231)
2022-01-31 14:03:37,807 ERROR [http-nio-8080-exec-1] c.n.c.c.a.ExceptionAdvice [ExceptionAdvice.java:24] org.apache.catalina.core.ApplicationFilterChain.doFilter(ApplicationFilterChain.java:166)
2022-01-31 14:03:37,807 ERROR [http-nio-8080-exec-1] c.n.c.c.a.ExceptionAdvice [ExceptionAdvice.java:24] org.apache.tomcat.websocket.server.WsFilter.doFilter(WsFilter.java:53)
2022-01-31 14:03:37,807 ERROR [http-nio-8080-exec-1] c.n.c.c.a.ExceptionAdvice [ExceptionAdvice.java:24] org.apache.catalina.core.ApplicationFilterChain.internalDoFilter(ApplicationFilterChain.java:193)
2022-01-31 14:03:37,808 ERROR [http-nio-8080-exec-1] c.n.c.c.a.ExceptionAdvice [ExceptionAdvice.java:24] org.apache.catalina.core.ApplicationFilterChain.doFilter(ApplicationFilterChain.java:166)
2022-01-31 14:03:37,808 ERROR [http-nio-8080-exec-1] c.n.c.c.a.ExceptionAdvice [ExceptionAdvice.java:24] org.springframework.web.filter.RequestContextFilter.doFilterInternal(RequestContextFilter.java:99)
2022-01-31 14:03:37,808 ERROR [http-nio-8080-exec-1] c.n.c.c.a.ExceptionAdvice [ExceptionAdvice.java:24] org.springframework.web.filter.OncePerRequestFilter.doFilter(OncePerRequestFilter.java:107)
2022-01-31 14:03:37,809 ERROR [http-nio-8080-exec-1] c.n.c.c.a.ExceptionAdvice [ExceptionAdvice.java:24] org.apache.catalina.core.ApplicationFilterChain.internalDoFilter(ApplicationFilterChain.java:193)
2022-01-31 14:03:37,809 ERROR [http-nio-8080-exec-1] c.n.c.c.a.ExceptionAdvice [ExceptionAdvice.java:24] org.apache.catalina.core.ApplicationFilterChain.doFilter(ApplicationFilterChain.java:166)
2022-01-31 14:03:37,809 ERROR [http-nio-8080-exec-1] c.n.c.c.a.ExceptionAdvice [ExceptionAdvice.java:24] org.springframework.web.filter.FormContentFilter.doFilterInternal(FormContentFilter.java:92)
2022-01-31 14:03:37,810 ERROR [http-nio-8080-exec-1] c.n.c.c.a.ExceptionAdvice [ExceptionAdvice.java:24] org.springframework.web.filter.OncePerRequestFilter.doFilter(OncePerRequestFilter.java:107)
2022-01-31 14:03:37,810 ERROR [http-nio-8080-exec-1] c.n.c.c.a.ExceptionAdvice [ExceptionAdvice.java:24] org.apache.catalina.core.ApplicationFilterChain.internalDoFilter(ApplicationFilterChain.java:193)
2022-01-31 14:03:37,810 ERROR [http-nio-8080-exec-1] c.n.c.c.a.ExceptionAdvice [ExceptionAdvice.java:24] org.apache.catalina.core.ApplicationFilterChain.doFilter(ApplicationFilterChain.java:166)
2022-01-31 14:03:37,811 ERROR [http-nio-8080-exec-1] c.n.c.c.a.ExceptionAdvice [ExceptionAdvice.java:24] org.springframework.web.filter.HiddenHttpMethodFilter.doFilterInternal(HiddenHttpMethodFilter.java:93)
2022-01-31 14:03:37,811 ERROR [http-nio-8080-exec-1] c.n.c.c.a.ExceptionAdvice [ExceptionAdvice.java:24] org.springframework.web.filter.OncePerRequestFilter.doFilter(OncePerRequestFilter.java:107)
2022-01-31 14:03:37,811 ERROR [http-nio-8080-exec-1] c.n.c.c.a.ExceptionAdvice [ExceptionAdvice.java:24] org.apache.catalina.core.ApplicationFilterChain.internalDoFilter(ApplicationFilterChain.java:193)
2022-01-31 14:03:37,812 ERROR [http-nio-8080-exec-1] c.n.c.c.a.ExceptionAdvice [ExceptionAdvice.java:24] org.apache.catalina.core.ApplicationFilterChain.doFilter(ApplicationFilterChain.java:166)
2022-01-31 14:03:37,812 ERROR [http-nio-8080-exec-1] c.n.c.c.a.ExceptionAdvice [ExceptionAdvice.java:24] org.springframework.web.filter.CharacterEncodingFilter.doFilterInternal(CharacterEncodingFilter.java:200)
2022-01-31 14:03:37,812 ERROR [http-nio-8080-exec-1] c.n.c.c.a.ExceptionAdvice [ExceptionAdvice.java:24] org.springframework.web.filter.OncePerRequestFilter.doFilter(OncePerRequestFilter.java:107)
2022-01-31 14:03:37,812 ERROR [http-nio-8080-exec-1] c.n.c.c.a.ExceptionAdvice [ExceptionAdvice.java:24] org.apache.catalina.core.ApplicationFilterChain.internalDoFilter(ApplicationFilterChain.java:193)
2022-01-31 14:03:37,813 ERROR [http-nio-8080-exec-1] c.n.c.c.a.ExceptionAdvice [ExceptionAdvice.java:24] org.apache.catalina.core.ApplicationFilterChain.doFilter(ApplicationFilterChain.java:166)
2022-01-31 14:03:37,813 ERROR [http-nio-8080-exec-1] c.n.c.c.a.ExceptionAdvice [ExceptionAdvice.java:24] org.apache.catalina.core.StandardWrapperValve.invoke(StandardWrapperValve.java:200)
2022-01-31 14:03:37,813 ERROR [http-nio-8080-exec-1] c.n.c.c.a.ExceptionAdvice [ExceptionAdvice.java:24] org.apache.catalina.core.StandardContextValve.invoke(StandardContextValve.java:96)
2022-01-31 14:03:37,831 ERROR [http-nio-8080-exec-1] c.n.c.c.a.ExceptionAdvice [ExceptionAdvice.java:24] org.apache.catalina.authenticator.AuthenticatorBase.invoke(AuthenticatorBase.java:490)
2022-01-31 14:03:37,832 ERROR [http-nio-8080-exec-1] c.n.c.c.a.ExceptionAdvice [ExceptionAdvice.java:24] org.apache.catalina.core.StandardHostValve.invoke(StandardHostValve.java:139)
2022-01-31 14:03:37,832 ERROR [http-nio-8080-exec-1] c.n.c.c.a.ExceptionAdvice [ExceptionAdvice.java:24] org.apache.catalina.valves.ErrorReportValve.invoke(ErrorReportValve.java:92)
2022-01-31 14:03:37,833 ERROR [http-nio-8080-exec-1] c.n.c.c.a.ExceptionAdvice [ExceptionAdvice.java:24] org.apache.catalina.core.StandardEngineValve.invoke(StandardEngineValve.java:74)
2022-01-31 14:03:37,833 ERROR [http-nio-8080-exec-1] c.n.c.c.a.ExceptionAdvice [ExceptionAdvice.java:24] org.apache.catalina.connector.CoyoteAdapter.service(CoyoteAdapter.java:343)
2022-01-31 14:03:37,833 ERROR [http-nio-8080-exec-1] c.n.c.c.a.ExceptionAdvice [ExceptionAdvice.java:24] org.apache.coyote.http11.Http11Processor.service(Http11Processor.java:408)
2022-01-31 14:03:37,833 ERROR [http-nio-8080-exec-1] c.n.c.c.a.ExceptionAdvice [ExceptionAdvice.java:24] org.apache.coyote.AbstractProcessorLight.process(AbstractProcessorLight.java:66)
2022-01-31 14:03:37,834 ERROR [http-nio-8080-exec-1] c.n.c.c.a.ExceptionAdvice [ExceptionAdvice.java:24] org.apache.coyote.AbstractProtocol$ConnectionHandler.process(AbstractProtocol.java:836)
2022-01-31 14:03:37,834 ERROR [http-nio-8080-exec-1] c.n.c.c.a.ExceptionAdvice [ExceptionAdvice.java:24] org.apache.tomcat.util.net.NioEndpoint$SocketProcessor.doRun(NioEndpoint.java:1747)
2022-01-31 14:03:37,835 ERROR [http-nio-8080-exec-1] c.n.c.c.a.ExceptionAdvice [ExceptionAdvice.java:24] org.apache.tomcat.util.net.SocketProcessorBase.run(SocketProcessorBase.java:49)
2022-01-31 14:03:37,835 ERROR [http-nio-8080-exec-1] c.n.c.c.a.ExceptionAdvice [ExceptionAdvice.java:24] java.util.concurrent.ThreadPoolExecutor.runWorker(ThreadPoolExecutor.java:1149)
2022-01-31 14:03:37,835 ERROR [http-nio-8080-exec-1] c.n.c.c.a.ExceptionAdvice [ExceptionAdvice.java:24] java.util.concurrent.ThreadPoolExecutor$Worker.run(ThreadPoolExecutor.java:624)
2022-01-31 14:03:37,835 ERROR [http-nio-8080-exec-1] c.n.c.c.a.ExceptionAdvice [ExceptionAdvice.java:24] org.apache.tomcat.util.threads.TaskThread$WrappingRunnable.run(TaskThread.java:61)
2022-01-31 14:03:37,836 ERROR [http-nio-8080-exec-1] c.n.c.c.a.ExceptionAdvice [ExceptionAdvice.java:24] java.lang.Thread.run(Thread.java:748)
2022-01-31 14:08:29,170 ERROR [http-nio-8080-exec-3] c.n.c.c.a.ExceptionAdvice [ExceptionAdvice.java:22] 服务器发生异常null
2022-01-31 14:08:29,171 ERROR [http-nio-8080-exec-3] c.n.c.c.a.ExceptionAdvice [ExceptionAdvice.java:24] com.nowcoder.community.controller.CommentController.addComment(CommentController.java:26)
2022-01-31 14:08:29,171 ERROR [http-nio-8080-exec-3] c.n.c.c.a.ExceptionAdvice [ExceptionAdvice.java:24] sun.reflect.NativeMethodAccessorImpl.invoke0(Native Method)
2022-01-31 14:08:29,172 ERROR [http-nio-8080-exec-3] c.n.c.c.a.ExceptionAdvice [ExceptionAdvice.java:24] sun.reflect.NativeMethodAccessorImpl.invoke(NativeMethodAccessorImpl.java:62)
2022-01-31 14:08:29,172 ERROR [http-nio-8080-exec-3] c.n.c.c.a.ExceptionAdvice [ExceptionAdvice.java:24] sun.reflect.DelegatingMethodAccessorImpl.invoke(DelegatingMethodAccessorImpl.java:43)
2022-01-31 14:08:29,172 ERROR [http-nio-8080-exec-3] c.n.c.c.a.ExceptionAdvice [ExceptionAdvice.java:24] java.lang.reflect.Method.invoke(Method.java:498)
2022-01-31 14:08:29,173 ERROR [http-nio-8080-exec-3] c.n.c.c.a.ExceptionAdvice [ExceptionAdvice.java:24] org.springframework.web.method.support.InvocableHandlerMethod.doInvoke(InvocableHandlerMethod.java:190)
2022-01-31 14:08:29,173 ERROR [http-nio-8080-exec-3] c.n.c.c.a.ExceptionAdvice [ExceptionAdvice.java:24] org.springframework.web.method.support.InvocableHandlerMethod.invokeForRequest(InvocableHandlerMethod.java:138)
2022-01-31 14:08:29,173 ERROR [http-nio-8080-exec-3] c.n.c.c.a.ExceptionAdvice [ExceptionAdvice.java:24] org.springframework.web.servlet.mvc.method.annotation.ServletInvocableHandlerMethod.invokeAndHandle(ServletInvocableHandlerMethod.java:104)
2022-01-31 14:08:29,174 ERROR [http-nio-8080-exec-3] c.n.c.c.a.ExceptionAdvice [ExceptionAdvice.java:24] org.springframework.web.servlet.mvc.method.annotation.RequestMappingHandlerAdapter.invokeHandlerMethod(RequestMappingHandlerAdapter.java:892)
2022-01-31 14:08:29,174 ERROR [http-nio-8080-exec-3] c.n.c.c.a.ExceptionAdvice [ExceptionAdvice.java:24] org.springframework.web.servlet.mvc.method.annotation.RequestMappingHandlerAdapter.handleInternal(RequestMappingHandlerAdapter.java:797)
2022-01-31 14:08:29,174 ERROR [http-nio-8080-exec-3] c.n.c.c.a.ExceptionAdvice [ExceptionAdvice.java:24] org.springframework.web.servlet.mvc.method.AbstractHandlerMethodAdapter.handle(AbstractHandlerMethodAdapter.java:87)
2022-01-31 14:08:29,175 ERROR [http-nio-8080-exec-3] c.n.c.c.a.ExceptionAdvice [ExceptionAdvice.java:24] org.springframework.web.servlet.DispatcherServlet.doDispatch(DispatcherServlet.java:1039)
2022-01-31 14:08:29,175 ERROR [http-nio-8080-exec-3] c.n.c.c.a.ExceptionAdvice [ExceptionAdvice.java:24] org.springframework.web.servlet.DispatcherServlet.doService(DispatcherServlet.java:942)
2022-01-31 14:08:29,175 ERROR [http-nio-8080-exec-3] c.n.c.c.a.ExceptionAdvice [ExceptionAdvice.java:24] org.springframework.web.servlet.FrameworkServlet.processRequest(FrameworkServlet.java:1005)
2022-01-31 14:08:29,175 ERROR [http-nio-8080-exec-3] c.n.c.c.a.ExceptionAdvice [ExceptionAdvice.java:24] org.springframework.web.servlet.FrameworkServlet.doPost(FrameworkServlet.java:908)
2022-01-31 14:08:29,176 ERROR [http-nio-8080-exec-3] c.n.c.c.a.ExceptionAdvice [ExceptionAdvice.java:24] javax.servlet.http.HttpServlet.service(HttpServlet.java:660)
2022-01-31 14:08:29,176 ERROR [http-nio-8080-exec-3] c.n.c.c.a.ExceptionAdvice [ExceptionAdvice.java:24] org.springframework.web.servlet.FrameworkServlet.service(FrameworkServlet.java:882)
2022-01-31 14:08:29,176 ERROR [http-nio-8080-exec-3] c.n.c.c.a.ExceptionAdvice [ExceptionAdvice.java:24] javax.servlet.http.HttpServlet.service(HttpServlet.java:741)
2022-01-31 14:08:29,176 ERROR [http-nio-8080-exec-3] c.n.c.c.a.ExceptionAdvice [ExceptionAdvice.java:24] org.apache.catalina.core.ApplicationFilterChain.internalDoFilter(ApplicationFilterChain.java:231)
2022-01-31 14:08:29,177 ERROR [http-nio-8080-exec-3] c.n.c.c.a.ExceptionAdvice [ExceptionAdvice.java:24] org.apache.catalina.core.ApplicationFilterChain.doFilter(ApplicationFilterChain.java:166)
2022-01-31 14:08:29,177 ERROR [http-nio-8080-exec-3] c.n.c.c.a.ExceptionAdvice [ExceptionAdvice.java:24] org.apache.tomcat.websocket.server.WsFilter.doFilter(WsFilter.java:53)
2022-01-31 14:08:29,177 ERROR [http-nio-8080-exec-3] c.n.c.c.a.ExceptionAdvice [ExceptionAdvice.java:24] org.apache.catalina.core.ApplicationFilterChain.internalDoFilter(ApplicationFilterChain.java:193)
2022-01-31 14:08:29,178 ERROR [http-nio-8080-exec-3] c.n.c.c.a.ExceptionAdvice [ExceptionAdvice.java:24] org.apache.catalina.core.ApplicationFilterChain.doFilter(ApplicationFilterChain.java:166)
2022-01-31 14:08:29,178 ERROR [http-nio-8080-exec-3] c.n.c.c.a.ExceptionAdvice [ExceptionAdvice.java:24] org.springframework.web.filter.RequestContextFilter.doFilterInternal(RequestContextFilter.java:99)
2022-01-31 14:08:29,178 ERROR [http-nio-8080-exec-3] c.n.c.c.a.ExceptionAdvice [ExceptionAdvice.java:24] org.springframework.web.filter.OncePerRequestFilter.doFilter(OncePerRequestFilter.java:107)
2022-01-31 14:08:29,178 ERROR [http-nio-8080-exec-3] c.n.c.c.a.ExceptionAdvice [ExceptionAdvice.java:24] org.apache.catalina.core.ApplicationFilterChain.internalDoFilter(ApplicationFilterChain.java:193)
2022-01-31 14:08:29,179 ERROR [http-nio-8080-exec-3] c.n.c.c.a.ExceptionAdvice [ExceptionAdvice.java:24] org.apache.catalina.core.ApplicationFilterChain.doFilter(ApplicationFilterChain.java:166)
2022-01-31 14:08:29,179 ERROR [http-nio-8080-exec-3] c.n.c.c.a.ExceptionAdvice [ExceptionAdvice.java:24] org.springframework.web.filter.FormContentFilter.doFilterInternal(FormContentFilter.java:92)
2022-01-31 14:08:29,179 ERROR [http-nio-8080-exec-3] c.n.c.c.a.ExceptionAdvice [ExceptionAdvice.java:24] org.springframework.web.filter.OncePerRequestFilter.doFilter(OncePerRequestFilter.java:107)
2022-01-31 14:08:29,179 ERROR [http-nio-8080-exec-3] c.n.c.c.a.ExceptionAdvice [ExceptionAdvice.java:24] org.apache.catalina.core.ApplicationFilterChain.internalDoFilter(ApplicationFilterChain.java:193)
2022-01-31 14:08:29,180 ERROR [http-nio-8080-exec-3] c.n.c.c.a.ExceptionAdvice [ExceptionAdvice.java:24] org.apache.catalina.core.ApplicationFilterChain.doFilter(ApplicationFilterChain.java:166)
2022-01-31 14:08:29,180 ERROR [http-nio-8080-exec-3] c.n.c.c.a.ExceptionAdvice [ExceptionAdvice.java:24] org.springframework.web.filter.HiddenHttpMethodFilter.doFilterInternal(HiddenHttpMethodFilter.java:93)
2022-01-31 14:08:29,180 ERROR [http-nio-8080-exec-3] c.n.c.c.a.ExceptionAdvice [ExceptionAdvice.java:24] org.springframework.web.filter.OncePerRequestFilter.doFilter(OncePerRequestFilter.java:107)
2022-01-31 14:08:29,181 ERROR [http-nio-8080-exec-3] c.n.c.c.a.ExceptionAdvice [ExceptionAdvice.java:24] org.apache.catalina.core.ApplicationFilterChain.internalDoFilter(ApplicationFilterChain.java:193)
2022-01-31 14:08:29,181 ERROR [http-nio-8080-exec-3] c.n.c.c.a.ExceptionAdvice [ExceptionAdvice.java:24] org.apache.catalina.core.ApplicationFilterChain.doFilter(ApplicationFilterChain.java:166)
2022-01-31 14:08:29,181 ERROR [http-nio-8080-exec-3] c.n.c.c.a.ExceptionAdvice [ExceptionAdvice.java:24] org.springframework.web.filter.CharacterEncodingFilter.doFilterInternal(CharacterEncodingFilter.java:200)
2022-01-31 14:08:29,182 ERROR [http-nio-8080-exec-3] c.n.c.c.a.ExceptionAdvice [ExceptionAdvice.java:24] org.springframework.web.filter.OncePerRequestFilter.doFilter(OncePerRequestFilter.java:107)
2022-01-31 14:08:29,182 ERROR [http-nio-8080-exec-3] c.n.c.c.a.ExceptionAdvice [ExceptionAdvice.java:24] org.apache.catalina.core.ApplicationFilterChain.internalDoFilter(ApplicationFilterChain.java:193)
2022-01-31 14:08:29,183 ERROR [http-nio-8080-exec-3] c.n.c.c.a.ExceptionAdvice [ExceptionAdvice.java:24] org.apache.catalina.core.ApplicationFilterChain.doFilter(ApplicationFilterChain.java:166)
2022-01-31 14:08:29,183 ERROR [http-nio-8080-exec-3] c.n.c.c.a.ExceptionAdvice [ExceptionAdvice.java:24] org.apache.catalina.core.StandardWrapperValve.invoke(StandardWrapperValve.java:200)
2022-01-31 14:08:29,183 ERROR [http-nio-8080-exec-3] c.n.c.c.a.ExceptionAdvice [ExceptionAdvice.java:24] org.apache.catalina.core.StandardContextValve.invoke(StandardContextValve.java:96)
2022-01-31 14:08:29,183 ERROR [http-nio-8080-exec-3] c.n.c.c.a.ExceptionAdvice [ExceptionAdvice.java:24] org.apache.catalina.authenticator.AuthenticatorBase.invoke(AuthenticatorBase.java:490)
2022-01-31 14:08:29,184 ERROR [http-nio-8080-exec-3] c.n.c.c.a.ExceptionAdvice [ExceptionAdvice.java:24] org.apache.catalina.core.StandardHostValve.invoke(StandardHostValve.java:139)
2022-01-31 14:08:29,184 ERROR [http-nio-8080-exec-3] c.n.c.c.a.ExceptionAdvice [ExceptionAdvice.java:24] org.apache.catalina.valves.ErrorReportValve.invoke(ErrorReportValve.java:92)
2022-01-31 14:08:29,184 ERROR [http-nio-8080-exec-3] c.n.c.c.a.ExceptionAdvice [ExceptionAdvice.java:24] org.apache.catalina.core.StandardEngineValve.invoke(StandardEngineValve.java:74)
2022-01-31 14:08:29,184 ERROR [http-nio-8080-exec-3] c.n.c.c.a.ExceptionAdvice [ExceptionAdvice.java:24] org.apache.catalina.connector.CoyoteAdapter.service(CoyoteAdapter.java:343)
2022-01-31 14:08:29,185 ERROR [http-nio-8080-exec-3] c.n.c.c.a.ExceptionAdvice [ExceptionAdvice.java:24] org.apache.coyote.http11.Http11Processor.service(Http11Processor.java:408)
2022-01-31 14:08:29,185 ERROR [http-nio-8080-exec-3] c.n.c.c.a.ExceptionAdvice [ExceptionAdvice.java:24] org.apache.coyote.AbstractProcessorLight.process(AbstractProcessorLight.java:66)
2022-01-31 14:08:29,185 ERROR [http-nio-8080-exec-3] c.n.c.c.a.ExceptionAdvice [ExceptionAdvice.java:24] org.apache.coyote.AbstractProtocol$ConnectionHandler.process(AbstractProtocol.java:836)
2022-01-31 14:08:29,185 ERROR [http-nio-8080-exec-3] c.n.c.c.a.ExceptionAdvice [ExceptionAdvice.java:24] org.apache.tomcat.util.net.NioEndpoint$SocketProcessor.doRun(NioEndpoint.java:1747)
2022-01-31 14:08:29,186 ERROR [http-nio-8080-exec-3] c.n.c.c.a.ExceptionAdvice [ExceptionAdvice.java:24] org.apache.tomcat.util.net.SocketProcessorBase.run(SocketProcessorBase.java:49)
2022-01-31 14:08:29,186 ERROR [http-nio-8080-exec-3] c.n.c.c.a.ExceptionAdvice [ExceptionAdvice.java:24] java.util.concurrent.ThreadPoolExecutor.runWorker(ThreadPoolExecutor.java:1149)
2022-01-31 14:08:29,186 ERROR [http-nio-8080-exec-3] c.n.c.c.a.ExceptionAdvice [ExceptionAdvice.java:24] java.util.concurrent.ThreadPoolExecutor$Worker.run(ThreadPoolExecutor.java:624)
2022-01-31 14:08:29,186 ERROR [http-nio-8080-exec-3] c.n.c.c.a.ExceptionAdvice [ExceptionAdvice.java:24] org.apache.tomcat.util.threads.TaskThread$WrappingRunnable.run(TaskThread.java:61)
2022-01-31 14:08:29,187 ERROR [http-nio-8080-exec-3] c.n.c.c.a.ExceptionAdvice [ExceptionAdvice.java:24] java.lang.Thread.run(Thread.java:748)
2022-01-31 14:48:13,225 ERROR [restartedMain] o.s.b.SpringApplication [SpringApplication.java:858] Application run failed
org.springframework.beans.factory.BeanCreationException: Error creating bean with name 'sqlSessionFactory' defined in class path resource [org/mybatis/spring/boot/autoconfigure/MybatisAutoConfiguration.class]: Bean instantiation via factory method failed; nested exception is org.springframework.beans.BeanInstantiationException: Failed to instantiate [org.apache.ibatis.session.SqlSessionFactory]: Factory method 'sqlSessionFactory' threw exception; nested exception is org.springframework.core.NestedIOException: Failed to parse mapping resource: 'file [E:\IntelliJ IDEA 2019.3.3\projects\community\target\classes\mapper\comment-mapper.xml]'; nested exception is org.apache.ibatis.builder.BuilderException: Error parsing Mapper XML. The XML location is 'file [E:\IntelliJ IDEA 2019.3.3\projects\community\target\classes\mapper\comment-mapper.xml]'. Cause: org.apache.ibatis.builder.BuilderException: Error resolving class. Cause: org.apache.ibatis.type.TypeException: Could not resolve type alias 'Comment'.  Cause: java.lang.ClassNotFoundException: Cannot find class: Comment
	at org.springframework.beans.factory.support.ConstructorResolver.instantiate(ConstructorResolver.java:627)
	at org.springframework.beans.factory.support.ConstructorResolver.instantiateUsingFactoryMethod(ConstructorResolver.java:607)
	at org.springframework.beans.factory.support.AbstractAutowireCapableBeanFactory.instantiateUsingFactoryMethod(AbstractAutowireCapableBeanFactory.java:1321)
	at org.springframework.beans.factory.support.AbstractAutowireCapableBeanFactory.createBeanInstance(AbstractAutowireCapableBeanFactory.java:1160)
	at org.springframework.beans.factory.support.AbstractAutowireCapableBeanFactory.doCreateBean(AbstractAutowireCapableBeanFactory.java:555)
	at org.springframework.beans.factory.support.AbstractAutowireCapableBeanFactory.createBean(AbstractAutowireCapableBeanFactory.java:515)
	at org.springframework.beans.factory.support.AbstractBeanFactory.lambda$doGetBean$0(AbstractBeanFactory.java:320)
	at org.springframework.beans.factory.support.DefaultSingletonBeanRegistry.getSingleton(DefaultSingletonBeanRegistry.java:222)
	at org.springframework.beans.factory.support.AbstractBeanFactory.doGetBean(AbstractBeanFactory.java:318)
	at org.springframework.beans.factory.support.AbstractBeanFactory.getBean(AbstractBeanFactory.java:199)
	at org.springframework.beans.factory.support.DefaultListableBeanFactory.preInstantiateSingletons(DefaultListableBeanFactory.java:843)
	at org.springframework.context.support.AbstractApplicationContext.finishBeanFactoryInitialization(AbstractApplicationContext.java:877)
	at org.springframework.context.support.AbstractApplicationContext.refresh(AbstractApplicationContext.java:549)
	at org.springframework.boot.web.servlet.context.ServletWebServerApplicationContext.refresh(ServletWebServerApplicationContext.java:142)
	at org.springframework.boot.SpringApplication.refresh(SpringApplication.java:775)
	at org.springframework.boot.SpringApplication.refreshContext(SpringApplication.java:397)
	at org.springframework.boot.SpringApplication.run(SpringApplication.java:316)
	at org.springframework.boot.SpringApplication.run(SpringApplication.java:1260)
	at org.springframework.boot.SpringApplication.run(SpringApplication.java:1248)
	at com.nowcoder.community.CommunityApplication.main(CommunityApplication.java:10)
	at sun.reflect.NativeMethodAccessorImpl.invoke0(Native Method)
	at sun.reflect.NativeMethodAccessorImpl.invoke(NativeMethodAccessorImpl.java:62)
	at sun.reflect.DelegatingMethodAccessorImpl.invoke(DelegatingMethodAccessorImpl.java:43)
	at java.lang.reflect.Method.invoke(Method.java:498)
	at org.springframework.boot.devtools.restart.RestartLauncher.run(RestartLauncher.java:49)
Caused by: org.springframework.beans.BeanInstantiationException: Failed to instantiate [org.apache.ibatis.session.SqlSessionFactory]: Factory method 'sqlSessionFactory' threw exception; nested exception is org.springframework.core.NestedIOException: Failed to parse mapping resource: 'file [E:\IntelliJ IDEA 2019.3.3\projects\community\target\classes\mapper\comment-mapper.xml]'; nested exception is org.apache.ibatis.builder.BuilderException: Error parsing Mapper XML. The XML location is 'file [E:\IntelliJ IDEA 2019.3.3\projects\community\target\classes\mapper\comment-mapper.xml]'. Cause: org.apache.ibatis.builder.BuilderException: Error resolving class. Cause: org.apache.ibatis.type.TypeException: Could not resolve type alias 'Comment'.  Cause: java.lang.ClassNotFoundException: Cannot find class: Comment
	at org.springframework.beans.factory.support.SimpleInstantiationStrategy.instantiate(SimpleInstantiationStrategy.java:185)
	at org.springframework.beans.factory.support.ConstructorResolver.instantiate(ConstructorResolver.java:622)
	... 24 common frames omitted
Caused by: org.springframework.core.NestedIOException: Failed to parse mapping resource: 'file [E:\IntelliJ IDEA 2019.3.3\projects\community\target\classes\mapper\comment-mapper.xml]'; nested exception is org.apache.ibatis.builder.BuilderException: Error parsing Mapper XML. The XML location is 'file [E:\IntelliJ IDEA 2019.3.3\projects\community\target\classes\mapper\comment-mapper.xml]'. Cause: org.apache.ibatis.builder.BuilderException: Error resolving class. Cause: org.apache.ibatis.type.TypeException: Could not resolve type alias 'Comment'.  Cause: java.lang.ClassNotFoundException: Cannot find class: Comment
	at org.mybatis.spring.SqlSessionFactoryBean.buildSqlSessionFactory(SqlSessionFactoryBean.java:612)
	at org.mybatis.spring.SqlSessionFactoryBean.afterPropertiesSet(SqlSessionFactoryBean.java:490)
	at org.mybatis.spring.SqlSessionFactoryBean.getObject(SqlSessionFactoryBean.java:632)
	at org.mybatis.spring.boot.autoconfigure.MybatisAutoConfiguration.sqlSessionFactory(MybatisAutoConfiguration.java:180)
	at org.mybatis.spring.boot.autoconfigure.MybatisAutoConfiguration$$EnhancerBySpringCGLIB$$e608da32.CGLIB$sqlSessionFactory$1(<generated>)
	at org.mybatis.spring.boot.autoconfigure.MybatisAutoConfiguration$$EnhancerBySpringCGLIB$$e608da32$$FastClassBySpringCGLIB$$487f1383.invoke(<generated>)
	at org.springframework.cglib.proxy.MethodProxy.invokeSuper(MethodProxy.java:244)
	at org.springframework.context.annotation.ConfigurationClassEnhancer$BeanMethodInterceptor.intercept(ConfigurationClassEnhancer.java:363)
	at org.mybatis.spring.boot.autoconfigure.MybatisAutoConfiguration$$EnhancerBySpringCGLIB$$e608da32.sqlSessionFactory(<generated>)
	at sun.reflect.NativeMethodAccessorImpl.invoke0(Native Method)
	at sun.reflect.NativeMethodAccessorImpl.invoke(NativeMethodAccessorImpl.java:62)
	at sun.reflect.DelegatingMethodAccessorImpl.invoke(DelegatingMethodAccessorImpl.java:43)
	at java.lang.reflect.Method.invoke(Method.java:498)
	at org.springframework.beans.factory.support.SimpleInstantiationStrategy.instantiate(SimpleInstantiationStrategy.java:154)
	... 25 common frames omitted
Caused by: org.apache.ibatis.builder.BuilderException: Error parsing Mapper XML. The XML location is 'file [E:\IntelliJ IDEA 2019.3.3\projects\community\target\classes\mapper\comment-mapper.xml]'. Cause: org.apache.ibatis.builder.BuilderException: Error resolving class. Cause: org.apache.ibatis.type.TypeException: Could not resolve type alias 'Comment'.  Cause: java.lang.ClassNotFoundException: Cannot find class: Comment
	at org.apache.ibatis.builder.xml.XMLMapperBuilder.configurationElement(XMLMapperBuilder.java:123)
	at org.apache.ibatis.builder.xml.XMLMapperBuilder.parse(XMLMapperBuilder.java:95)
	at org.mybatis.spring.SqlSessionFactoryBean.buildSqlSessionFactory(SqlSessionFactoryBean.java:610)
	... 38 common frames omitted
Caused by: org.apache.ibatis.builder.BuilderException: Error resolving class. Cause: org.apache.ibatis.type.TypeException: Could not resolve type alias 'Comment'.  Cause: java.lang.ClassNotFoundException: Cannot find class: Comment
	at org.apache.ibatis.builder.BaseBuilder.resolveClass(BaseBuilder.java:118)
	at org.apache.ibatis.builder.xml.XMLStatementBuilder.parseStatementNode(XMLStatementBuilder.java:102)
	at org.apache.ibatis.builder.xml.XMLMapperBuilder.buildStatementFromContext(XMLMapperBuilder.java:138)
	at org.apache.ibatis.builder.xml.XMLMapperBuilder.buildStatementFromContext(XMLMapperBuilder.java:131)
	at org.apache.ibatis.builder.xml.XMLMapperBuilder.configurationElement(XMLMapperBuilder.java:121)
	... 40 common frames omitted
Caused by: org.apache.ibatis.type.TypeException: Could not resolve type alias 'Comment'.  Cause: java.lang.ClassNotFoundException: Cannot find class: Comment
	at org.apache.ibatis.type.TypeAliasRegistry.resolveAlias(TypeAliasRegistry.java:120)
	at org.apache.ibatis.builder.BaseBuilder.resolveAlias(BaseBuilder.java:149)
	at org.apache.ibatis.builder.BaseBuilder.resolveClass(BaseBuilder.java:116)
	... 44 common frames omitted
Caused by: java.lang.ClassNotFoundException: Cannot find class: Comment
	at org.apache.ibatis.io.ClassLoaderWrapper.classForName(ClassLoaderWrapper.java:200)
	at org.apache.ibatis.io.ClassLoaderWrapper.classForName(ClassLoaderWrapper.java:89)
	at org.apache.ibatis.io.Resources.classForName(Resources.java:261)
	at org.apache.ibatis.type.TypeAliasRegistry.resolveAlias(TypeAliasRegistry.java:116)
	... 46 common frames omitted
